[09-10-2023 13:24:33.744 INFO] - Open browser
[09-10-2023 13:24:38.549 INFO] - Open Home page success
[09-10-2023 13:24:38.549 INFO] - Open Home page success
[09-10-2023 13:24:38.549 INFO] - Open Home page success
[09-10-2023 13:24:40.109 INFO] - Open Login page success
[09-10-2023 13:24:40.110 INFO] - Open Login page success
[09-10-2023 13:24:40.110 INFO] - Open Login page success
[09-10-2023 13:24:41.171 INFO] - Send Key To User name success
[09-10-2023 13:24:41.171 INFO] - Send Key To  User name success
[09-10-2023 13:24:41.171 INFO] - Send Key To  User name success
[09-10-2023 13:24:42.249 INFO] - Send Key To Password success
[09-10-2023 13:24:42.249 INFO] - Send Key To Password success
[09-10-2023 13:24:42.249 INFO] - Send Key To Password success
[09-10-2023 13:24:43.723 INFO] - Click on button Login success
[09-10-2023 13:24:43.723 INFO] - Click on button Login success
[09-10-2023 13:24:43.723 INFO] - Click on button Login success
[09-10-2023 13:24:43.824 INFO] - ---------- TC_01_Verify_Login_To_Demo_Web_Shop FAILED test ----------
[09-10-2023 13:24:44.603 INFO] - Open Home page success
[09-10-2023 13:24:44.603 INFO] - Open Home page success
[09-10-2023 13:24:44.603 INFO] - Open Home page success
[09-10-2023 13:24:46.131 INFO] - Open Login page success
[09-10-2023 13:24:46.131 INFO] - Open Login page success
[09-10-2023 13:24:46.131 INFO] - Open Login page success
[09-10-2023 13:24:47.190 INFO] - Send Key To User name success
[09-10-2023 13:24:47.190 INFO] - Send Key To  User name success
[09-10-2023 13:24:47.192 INFO] - Send Key To  User name success
[09-10-2023 13:24:48.276 INFO] - Send Key To Password success
[09-10-2023 13:24:48.276 INFO] - Send Key To Password success
[09-10-2023 13:24:48.276 INFO] - Send Key To Password success
[09-10-2023 13:24:50.340 INFO] - Click on button Login success
[09-10-2023 13:24:50.341 INFO] - Click on button Login success
[09-10-2023 13:24:50.341 INFO] - Click on button Login success
[09-10-2023 13:24:50.358 INFO] - ---------- TC_01_Verify_Login_To_Demo_Web_Shop FAILED test ----------
[09-10-2023 13:24:51.173 INFO] - Open Home page success
[09-10-2023 13:24:51.173 INFO] - Open Home page success
[09-10-2023 13:24:51.173 INFO] - Open Home page success
[09-10-2023 13:24:52.717 INFO] - Open Login page success
[09-10-2023 13:24:52.717 INFO] - Open Login page success
[09-10-2023 13:24:52.717 INFO] - Open Login page success
[09-10-2023 13:24:53.772 INFO] - Send Key To User name success
[09-10-2023 13:24:53.772 INFO] - Send Key To  User name success
[09-10-2023 13:24:53.772 INFO] - Send Key To  User name success
[09-10-2023 13:24:54.835 INFO] - Send Key To Password success
[09-10-2023 13:24:54.835 INFO] - Send Key To Password success
[09-10-2023 13:24:54.835 INFO] - Send Key To Password success
[09-10-2023 13:24:56.380 INFO] - Click on button Login success
[09-10-2023 13:24:56.381 INFO] - Click on button Login success
[09-10-2023 13:24:56.381 INFO] - Click on button Login success
[09-10-2023 13:24:56.391 INFO] - ---------- TC_01_Verify_Login_To_Demo_Web_Shop FAILED test ----------
[09-10-2023 13:24:57.143 INFO] - Open Home page success
[09-10-2023 13:24:57.144 INFO] - Open Home page success
[09-10-2023 13:24:57.144 INFO] - Open Home page success
[09-10-2023 13:24:59.186 INFO] - Open Login page success
[09-10-2023 13:24:59.186 INFO] - Open Login page success
[09-10-2023 13:24:59.187 INFO] - Open Login page success
[09-10-2023 13:25:00.251 INFO] - Send Key To User name success
[09-10-2023 13:25:00.251 INFO] - Send Key To  User name success
[09-10-2023 13:25:00.251 INFO] - Send Key To  User name success
[09-10-2023 13:25:01.319 INFO] - Send Key To Password success
[09-10-2023 13:25:01.319 INFO] - Send Key To Password success
[09-10-2023 13:25:01.319 INFO] - Send Key To Password success
[09-10-2023 13:25:02.866 INFO] - Click on button Login success
[09-10-2023 13:25:02.866 INFO] - Click on button Login success
[09-10-2023 13:25:02.866 INFO] - Click on button Login success
[09-10-2023 13:25:02.877 INFO] - ---------- TC_01_Verify_Login_To_Demo_Web_Shop FAILED test ----------
[09-10-2023 13:25:03.695 INFO] - Open Home page success
[09-10-2023 13:25:03.695 INFO] - Open Home page success
[09-10-2023 13:25:03.695 INFO] - Open Home page success
[09-10-2023 13:25:05.224 INFO] - Open Login page success
[09-10-2023 13:25:05.224 INFO] - Open Login page success
[09-10-2023 13:25:05.224 INFO] - Open Login page success
[09-10-2023 13:25:06.279 INFO] - Send Key To User name success
[09-10-2023 13:25:06.279 INFO] - Send Key To  User name success
[09-10-2023 13:25:06.279 INFO] - Send Key To  User name success
[09-10-2023 13:25:07.340 INFO] - Send Key To Password success
[09-10-2023 13:25:07.340 INFO] - Send Key To Password success
[09-10-2023 13:25:07.340 INFO] - Send Key To Password success
[09-10-2023 13:25:08.377 INFO] - Click on button Login success
[09-10-2023 13:25:08.378 INFO] - Click on button Login success
[09-10-2023 13:25:08.378 INFO] - Click on button Login success
[09-10-2023 13:25:08.396 INFO] - ---------- TC_01_Verify_Login_To_Demo_Web_Shop FAILED test ----------
[09-10-2023 13:25:09.691 INFO] - Open Home page success
[09-10-2023 13:25:09.691 INFO] - Open Home page success
[09-10-2023 13:25:09.691 INFO] - Open Home page success
[09-10-2023 13:25:11.219 INFO] - Open Login page success
[09-10-2023 13:25:11.219 INFO] - Open Login page success
[09-10-2023 13:25:11.220 INFO] - Open Login page success
[09-10-2023 13:25:12.272 INFO] - Send Key To User name success
[09-10-2023 13:25:12.272 INFO] - Send Key To  User name success
[09-10-2023 13:25:12.272 INFO] - Send Key To  User name success
[09-10-2023 13:25:13.367 INFO] - Send Key To Password success
[09-10-2023 13:25:13.367 INFO] - Send Key To Password success
[09-10-2023 13:25:13.368 INFO] - Send Key To Password success
[09-10-2023 13:25:16.191 INFO] - Click on button Login success
[09-10-2023 13:25:16.191 INFO] - Click on button Login success
[09-10-2023 13:25:16.191 INFO] - Click on button Login success
[09-10-2023 13:25:16.212 INFO] - ---------- TC_01_Verify_Login_To_Demo_Web_Shop FAILED test ----------
[09-10-2023 13:25:17.055 INFO] - Close browser
