[07-10-2023 16:05:31.372 INFO] - Open browser
[07-10-2023 16:05:38.389 INFO] - Open Home page success
[07-10-2023 16:05:38.390 INFO] - Open Home page success
[07-10-2023 16:05:38.391 INFO] - Open Home page success
[07-10-2023 16:05:40.130 INFO] - Open Login page success
[07-10-2023 16:05:40.130 INFO] - Open Login page success
[07-10-2023 16:05:40.131 INFO] - Open Login page success
[07-10-2023 16:05:41.236 INFO] - Send Key To User name success
[07-10-2023 16:05:41.237 INFO] - Send Key To  User name success
[07-10-2023 16:05:41.239 INFO] - Send Key To  User name success
[07-10-2023 16:05:42.373 INFO] - Send Key To Password success
[07-10-2023 16:05:42.375 INFO] - Send Key To Password success
[07-10-2023 16:05:42.376 INFO] - Send Key To Password success
[07-10-2023 16:05:43.948 INFO] - Click on button Login success
[07-10-2023 16:05:43.948 INFO] - Click on button Login success
[07-10-2023 16:05:43.949 INFO] - Click on button Login success
[07-10-2023 16:06:19.201 INFO] - ---------- TC_Verify_Login_To_Demo_Web_Shop FAILED test ----------
[07-10-2023 16:06:20.308 INFO] - Open Home page success
[07-10-2023 16:06:20.314 INFO] - Open Home page success
[07-10-2023 16:06:20.315 INFO] - Open Home page success
[07-10-2023 16:06:22.037 INFO] - Open Login page success
[07-10-2023 16:06:22.038 INFO] - Open Login page success
[07-10-2023 16:06:22.038 INFO] - Open Login page success
[07-10-2023 16:06:23.218 INFO] - Send Key To User name success
[07-10-2023 16:06:23.222 INFO] - Send Key To  User name success
[07-10-2023 16:06:23.225 INFO] - Send Key To  User name success
[07-10-2023 16:06:24.365 INFO] - Send Key To Password success
[07-10-2023 16:06:24.366 INFO] - Send Key To Password success
[07-10-2023 16:06:24.368 INFO] - Send Key To Password success
[07-10-2023 16:06:25.896 INFO] - Click on button Login success
[07-10-2023 16:06:25.896 INFO] - Click on button Login success
[07-10-2023 16:06:25.897 INFO] - Click on button Login success
[07-10-2023 16:07:01.146 INFO] - ---------- TC_Verify_Login_To_Demo_Web_Shop FAILED test ----------
[07-10-2023 16:07:02.027 INFO] - Open Home page success
[07-10-2023 16:07:02.028 INFO] - Open Home page success
[07-10-2023 16:07:02.029 INFO] - Open Home page success
[07-10-2023 16:07:03.659 INFO] - Open Login page success
[07-10-2023 16:07:03.659 INFO] - Open Login page success
[07-10-2023 16:07:03.659 INFO] - Open Login page success
[07-10-2023 16:07:04.748 INFO] - Send Key To User name success
[07-10-2023 16:07:04.749 INFO] - Send Key To  User name success
[07-10-2023 16:07:04.750 INFO] - Send Key To  User name success
[07-10-2023 16:07:05.880 INFO] - Send Key To Password success
[07-10-2023 16:07:05.881 INFO] - Send Key To Password success
[07-10-2023 16:07:05.883 INFO] - Send Key To Password success
[07-10-2023 16:07:07.508 INFO] - Click on button Login success
[07-10-2023 16:07:07.509 INFO] - Click on button Login success
[07-10-2023 16:07:07.509 INFO] - Click on button Login success
[07-10-2023 16:07:42.688 INFO] - ---------- TC_Verify_Login_To_Demo_Web_Shop FAILED test ----------
[07-10-2023 16:07:43.618 INFO] - Open Home page success
[07-10-2023 16:07:43.619 INFO] - Open Home page success
[07-10-2023 16:07:43.619 INFO] - Open Home page success
[07-10-2023 16:07:45.177 INFO] - Open Login page success
[07-10-2023 16:07:45.178 INFO] - Open Login page success
[07-10-2023 16:07:45.179 INFO] - Open Login page success
[07-10-2023 16:07:46.306 INFO] - Send Key To User name success
[07-10-2023 16:07:46.308 INFO] - Send Key To  User name success
[07-10-2023 16:07:46.310 INFO] - Send Key To  User name success
[07-10-2023 16:07:47.476 INFO] - Send Key To Password success
[07-10-2023 16:07:47.476 INFO] - Send Key To Password success
[07-10-2023 16:07:47.477 INFO] - Send Key To Password success
[07-10-2023 16:07:49.030 INFO] - Click on button Login success
[07-10-2023 16:07:49.030 INFO] - Click on button Login success
[07-10-2023 16:07:49.031 INFO] - Click on button Login success
[07-10-2023 16:08:24.198 INFO] - ---------- TC_Verify_Login_To_Demo_Web_Shop FAILED test ----------
[07-10-2023 16:08:25.038 INFO] - Open Home page success
[07-10-2023 16:08:25.039 INFO] - Open Home page success
[07-10-2023 16:08:25.040 INFO] - Open Home page success
[07-10-2023 16:08:26.578 INFO] - Open Login page success
[07-10-2023 16:08:26.578 INFO] - Open Login page success
[07-10-2023 16:08:26.578 INFO] - Open Login page success
[07-10-2023 16:08:27.677 INFO] - Send Key To User name success
[07-10-2023 16:08:27.677 INFO] - Send Key To  User name success
[07-10-2023 16:08:27.678 INFO] - Send Key To  User name success
[07-10-2023 16:08:28.807 INFO] - Send Key To Password success
[07-10-2023 16:08:28.807 INFO] - Send Key To Password success
[07-10-2023 16:08:28.808 INFO] - Send Key To Password success
[07-10-2023 16:08:29.885 INFO] - Click on button Login success
[07-10-2023 16:08:29.887 INFO] - Click on button Login success
[07-10-2023 16:08:29.888 INFO] - Click on button Login success
[07-10-2023 16:08:35.015 INFO] - Verify expected message success
[07-10-2023 16:08:35.015 INFO] - Verify expected message success
[07-10-2023 16:08:35.016 INFO] - Verify expected message success
[07-10-2023 16:08:35.016 INFO] - ---------- TC_Verify_Login_To_Demo_Web_Shop SUCCESS test ----------
[07-10-2023 16:08:35.766 INFO] - Open Home page success
[07-10-2023 16:08:35.767 INFO] - Open Home page success
[07-10-2023 16:08:35.767 INFO] - Open Home page success
[07-10-2023 16:08:37.397 INFO] - Open Login page success
[07-10-2023 16:08:37.398 INFO] - Open Login page success
[07-10-2023 16:08:37.398 INFO] - Open Login page success
[07-10-2023 16:08:38.498 INFO] - Send Key To User name success
[07-10-2023 16:08:38.499 INFO] - Send Key To  User name success
[07-10-2023 16:08:38.499 INFO] - Send Key To  User name success
[07-10-2023 16:08:39.618 INFO] - Send Key To Password success
[07-10-2023 16:08:39.620 INFO] - Send Key To Password success
[07-10-2023 16:08:39.622 INFO] - Send Key To Password success
[07-10-2023 16:08:42.215 INFO] - Click on button Login success
[07-10-2023 16:08:42.215 INFO] - Click on button Login success
[07-10-2023 16:08:42.216 INFO] - Click on button Login success
[07-10-2023 16:09:52.458 INFO] - ---------- TC_Verify_Login_To_Demo_Web_Shop FAILED test ----------
[07-10-2023 16:09:53.443 INFO] - Close browser
