[09-10-2023 13:43:49.975 INFO] - Open browser
[09-10-2023 13:43:54.682 INFO] - Open Home page success
[09-10-2023 13:43:54.682 INFO] - Open Home page success
[09-10-2023 13:43:54.682 INFO] - Open Home page success
[09-10-2023 13:43:56.239 INFO] - Open Login page success
[09-10-2023 13:43:56.239 INFO] - Open Login page success
[09-10-2023 13:43:56.239 INFO] - Open Login page success
[09-10-2023 13:43:57.300 INFO] - Send Key To User name success
[09-10-2023 13:43:57.300 INFO] - Send Key To  User name success
[09-10-2023 13:43:57.300 INFO] - Send Key To  User name success
[09-10-2023 13:43:58.395 INFO] - Send Key To Password success
[09-10-2023 13:43:58.400 INFO] - Send Key To Password success
[09-10-2023 13:43:58.401 INFO] - Send Key To Password success
[09-10-2023 13:43:59.980 INFO] - Click on button Login success
[09-10-2023 13:43:59.980 INFO] - Click on button Login success
[09-10-2023 13:43:59.980 INFO] - Click on button Login success
[09-10-2023 13:44:00.016 INFO] - ---------- TC_01_Verify_Login_To_Demo_Web_Shop FAILED test ----------
[09-10-2023 13:44:00.855 INFO] - Open Home page success
[09-10-2023 13:44:00.855 INFO] - Open Home page success
[09-10-2023 13:44:00.855 INFO] - Open Home page success
[09-10-2023 13:44:02.457 INFO] - Open Login page success
[09-10-2023 13:44:02.457 INFO] - Open Login page success
[09-10-2023 13:44:02.458 INFO] - Open Login page success
[09-10-2023 13:44:03.525 INFO] - Send Key To User name success
[09-10-2023 13:44:03.525 INFO] - Send Key To  User name success
[09-10-2023 13:44:03.525 INFO] - Send Key To  User name success
[09-10-2023 13:44:04.589 INFO] - Send Key To Password success
[09-10-2023 13:44:04.589 INFO] - Send Key To Password success
[09-10-2023 13:44:04.589 INFO] - Send Key To Password success
[09-10-2023 13:44:06.088 INFO] - Click on button Login success
[09-10-2023 13:44:06.088 INFO] - Click on button Login success
[09-10-2023 13:44:06.088 INFO] - Click on button Login success
[09-10-2023 13:44:06.157 INFO] - ---------- TC_01_Verify_Login_To_Demo_Web_Shop FAILED test ----------
[09-10-2023 13:44:06.892 INFO] - Open Home page success
[09-10-2023 13:44:06.892 INFO] - Open Home page success
[09-10-2023 13:44:06.892 INFO] - Open Home page success
[09-10-2023 13:44:09.237 INFO] - Open Login page success
[09-10-2023 13:44:09.238 INFO] - Open Login page success
[09-10-2023 13:44:09.238 INFO] - Open Login page success
[09-10-2023 13:44:10.345 INFO] - Send Key To User name success
[09-10-2023 13:44:10.345 INFO] - Send Key To  User name success
[09-10-2023 13:44:10.345 INFO] - Send Key To  User name success
[09-10-2023 13:44:11.437 INFO] - Send Key To Password success
[09-10-2023 13:44:11.437 INFO] - Send Key To Password success
[09-10-2023 13:44:11.437 INFO] - Send Key To Password success
[09-10-2023 13:44:12.899 INFO] - Click on button Login success
[09-10-2023 13:44:12.899 INFO] - Click on button Login success
[09-10-2023 13:44:12.899 INFO] - Click on button Login success
[09-10-2023 13:44:12.981 INFO] - ---------- TC_01_Verify_Login_To_Demo_Web_Shop FAILED test ----------
[09-10-2023 13:44:14.604 INFO] - Open Home page success
[09-10-2023 13:44:14.605 INFO] - Open Home page success
[09-10-2023 13:44:14.605 INFO] - Open Home page success
[09-10-2023 13:44:16.162 INFO] - Open Login page success
[09-10-2023 13:44:16.162 INFO] - Open Login page success
[09-10-2023 13:44:16.162 INFO] - Open Login page success
[09-10-2023 13:44:17.230 INFO] - Send Key To User name success
[09-10-2023 13:44:17.230 INFO] - Send Key To  User name success
[09-10-2023 13:44:17.230 INFO] - Send Key To  User name success
[09-10-2023 13:44:18.322 INFO] - Send Key To Password success
[09-10-2023 13:44:18.322 INFO] - Send Key To Password success
[09-10-2023 13:44:18.322 INFO] - Send Key To Password success
[09-10-2023 13:44:19.802 INFO] - Click on button Login success
[09-10-2023 13:44:19.802 INFO] - Click on button Login success
[09-10-2023 13:44:19.802 INFO] - Click on button Login success
[09-10-2023 13:44:19.868 INFO] - ---------- TC_01_Verify_Login_To_Demo_Web_Shop FAILED test ----------
[09-10-2023 13:44:20.579 INFO] - Open Home page success
[09-10-2023 13:44:20.579 INFO] - Open Home page success
[09-10-2023 13:44:20.580 INFO] - Open Home page success
[09-10-2023 13:44:22.076 INFO] - Open Login page success
[09-10-2023 13:44:22.076 INFO] - Open Login page success
[09-10-2023 13:44:22.078 INFO] - Open Login page success
[09-10-2023 13:44:23.134 INFO] - Send Key To User name success
[09-10-2023 13:44:23.134 INFO] - Send Key To  User name success
[09-10-2023 13:44:23.134 INFO] - Send Key To  User name success
[09-10-2023 13:44:24.213 INFO] - Send Key To Password success
[09-10-2023 13:44:24.213 INFO] - Send Key To Password success
[09-10-2023 13:44:24.213 INFO] - Send Key To Password success
[09-10-2023 13:44:25.252 INFO] - Click on button Login success
[09-10-2023 13:44:25.252 INFO] - Click on button Login success
[09-10-2023 13:44:25.252 INFO] - Click on button Login success
[09-10-2023 13:44:25.269 INFO] - ---------- TC_01_Verify_Login_To_Demo_Web_Shop FAILED test ----------
[09-10-2023 13:44:26.024 INFO] - Open Home page success
[09-10-2023 13:44:26.024 INFO] - Open Home page success
[09-10-2023 13:44:26.024 INFO] - Open Home page success
[09-10-2023 13:44:27.534 INFO] - Open Login page success
[09-10-2023 13:44:27.534 INFO] - Open Login page success
[09-10-2023 13:44:27.535 INFO] - Open Login page success
[09-10-2023 13:44:28.593 INFO] - Send Key To User name success
[09-10-2023 13:44:28.593 INFO] - Send Key To  User name success
[09-10-2023 13:44:28.593 INFO] - Send Key To  User name success
[09-10-2023 13:44:29.665 INFO] - Send Key To Password success
[09-10-2023 13:44:29.665 INFO] - Send Key To Password success
[09-10-2023 13:44:29.665 INFO] - Send Key To Password success
[09-10-2023 13:44:32.015 INFO] - Click on button Login success
[09-10-2023 13:44:32.015 INFO] - Click on button Login success
[09-10-2023 13:44:32.015 INFO] - Click on button Login success
[09-10-2023 13:44:32.037 INFO] - ---------- TC_01_Verify_Login_To_Demo_Web_Shop FAILED test ----------
[09-10-2023 13:44:32.945 INFO] - Close browser
