[07-10-2023 16:19:14.203 INFO] - Open browser
[07-10-2023 16:19:19.578 INFO] - Open Home page success
[07-10-2023 16:19:19.578 INFO] - Open Home page success
[07-10-2023 16:19:21.196 INFO] - Open Login page success
[07-10-2023 16:19:21.197 INFO] - Open Login page success
[07-10-2023 16:19:22.286 INFO] - Send Key To  User name success
[07-10-2023 16:19:22.288 INFO] - Send Key To  User name success
[07-10-2023 16:19:23.468 INFO] - Send Key To Password success
[07-10-2023 16:19:23.469 INFO] - Send Key To Password success
[07-10-2023 16:19:25.098 INFO] - Click on button Login success
[07-10-2023 16:19:25.098 INFO] - Click on button Login success
[07-10-2023 16:20:00.235 INFO] - ---------- TC_Verify_Login_To_Demo_Web_Shop FAILED test ----------
[07-10-2023 16:20:01.393 INFO] - Open Home page success
[07-10-2023 16:20:01.393 INFO] - Open Home page success
[07-10-2023 16:20:02.995 INFO] - Open Login page success
[07-10-2023 16:20:02.996 INFO] - Open Login page success
[07-10-2023 16:20:04.152 INFO] - Send Key To  User name success
[07-10-2023 16:20:04.153 INFO] - Send Key To  User name success
[07-10-2023 16:20:05.269 INFO] - Send Key To Password success
[07-10-2023 16:20:05.270 INFO] - Send Key To Password success
[07-10-2023 16:20:06.893 INFO] - Click on button Login success
[07-10-2023 16:20:06.893 INFO] - Click on button Login success
[07-10-2023 16:20:11.518 INFO] - ---------- TC_Verify_Login_To_Demo_Web_Shop FAILED test ----------
[07-10-2023 16:20:11.530 INFO] - ---------- TC_Verify_Login_To_Demo_Web_Shop FAILED test ----------
[07-10-2023 16:20:12.218 INFO] - Close browser
