[11-10-2023 16:35:43.574 INFO] - Open browser
[11-10-2023 16:35:47.988 INFO] - Open Home page success
[11-10-2023 16:35:47.989 INFO] - Open Home page success
[11-10-2023 16:35:47.989 INFO] - Open Home page success
[11-10-2023 16:35:51.741 INFO] - User in cart page
[11-10-2023 16:35:51.741 INFO] - User in cart page
[11-10-2023 16:35:51.741 INFO] - User in cart page
[11-10-2023 16:35:53.838 INFO] - Click on product  success
[11-10-2023 16:35:53.839 INFO] - Click on product  success
[11-10-2023 16:35:53.841 INFO] - Click on product  success
[11-10-2023 16:35:58.010 INFO] - Verify quantity increases 
[11-10-2023 16:35:58.011 INFO] - Verify quantity increases
[11-10-2023 16:35:58.012 INFO] - Verify quantity increases
[11-10-2023 16:36:00.918 INFO] - User in cart page
[11-10-2023 16:36:00.919 INFO] - User in cart page
[11-10-2023 16:36:00.920 INFO] - User in cart page
[11-10-2023 16:36:03.007 INFO] - clickOnCheckboxTermOfService success
[11-10-2023 16:36:03.008 INFO] - clickOnCheckboxTermOfService success
[11-10-2023 16:36:03.008 INFO] - clickOnCheckboxTermOfService success
[11-10-2023 16:36:03.038 INFO] - verifyCheckboxRemoveProductIsSelected success
[11-10-2023 16:36:03.038 INFO] - verifyCheckboxRemoveProductIsSelected success
[11-10-2023 16:36:03.038 INFO] - verifyCheckboxRemoveProductIsSelected success
[11-10-2023 16:36:06.034 INFO] - clickOnCheckboxTermOfService success
[11-10-2023 16:36:06.036 INFO] - clickOnCheckboxTermOfService success
[11-10-2023 16:36:06.036 INFO] - clickOnCheckboxTermOfService success
[11-10-2023 16:36:06.061 INFO] - User in Check Out page
[11-10-2023 16:36:06.062 INFO] - User in Check Out page
[11-10-2023 16:36:06.062 INFO] - User in Check Out page
[11-10-2023 16:36:10.762 INFO] - clickOnCheckOuAsGuessButton success
[11-10-2023 16:36:10.763 INFO] - clickOnCheckOuAsGuessButton success
[11-10-2023 16:36:10.764 INFO] - clickOnCheckOuAsGuessButton success
[11-10-2023 16:36:10.787 INFO] - verifyUserIsOnOnePageCheckOut success
[11-10-2023 16:36:10.788 INFO] - verifyUserIsOnOnePageCheckOut success
[11-10-2023 16:36:10.789 INFO] - verifyUserIsOnOnePageCheckOut success
[11-10-2023 16:36:10.864 INFO] - verifyBillingAddressTabIsExpanding success
[11-10-2023 16:36:10.865 INFO] - verifyBillingAddressTabIsExpanding success
[11-10-2023 16:36:10.865 INFO] - verifyBillingAddressTabIsExpanding success
[11-10-2023 16:36:12.025 INFO] - SenKeysToBillingAddressInfo success
[11-10-2023 16:36:12.029 INFO] - SenKeysToBillingAddressInfo success
[11-10-2023 16:36:12.034 INFO] - SenKeysToBillingAddressInfo success
[11-10-2023 16:36:13.209 INFO] - SenKeysToBillingAddressInfo success
[11-10-2023 16:36:13.209 INFO] - SenKeysToBillingAddressInfo success
[11-10-2023 16:36:13.209 INFO] - SenKeysToBillingAddressInfo success
[11-10-2023 16:36:14.411 INFO] - SenKeysToBillingAddressInfo success
[11-10-2023 16:36:14.412 INFO] - SenKeysToBillingAddressInfo success
[11-10-2023 16:36:14.412 INFO] - SenKeysToBillingAddressInfo success
[11-10-2023 16:36:14.538 INFO] - selectCountryVietNamInDropDown success
[11-10-2023 16:36:14.539 INFO] - selectCountryVietNamInDropDown success
[11-10-2023 16:36:14.539 INFO] - selectCountryVietNamInDropDown success
[11-10-2023 16:36:15.679 INFO] - SenKeysToBillingAddressInfo success
[11-10-2023 16:36:15.681 INFO] - SenKeysToBillingAddressInfo success
[11-10-2023 16:36:15.682 INFO] - SenKeysToBillingAddressInfo success
[11-10-2023 16:36:16.847 INFO] - SenKeysToBillingAddressInfo success
[11-10-2023 16:36:16.848 INFO] - SenKeysToBillingAddressInfo success
[11-10-2023 16:36:16.848 INFO] - SenKeysToBillingAddressInfo success
[11-10-2023 16:36:17.972 INFO] - SenKeysToBillingAddressInfo success
[11-10-2023 16:36:17.973 INFO] - SenKeysToBillingAddressInfo success
[11-10-2023 16:36:17.974 INFO] - SenKeysToBillingAddressInfo success
[11-10-2023 16:36:19.185 INFO] - SenKeysToBillingAddressInfo success
[11-10-2023 16:36:19.185 INFO] - SenKeysToBillingAddressInfo success
[11-10-2023 16:36:19.185 INFO] - SenKeysToBillingAddressInfo success
[11-10-2023 16:36:21.259 INFO] - clickOnContinueButton success
[11-10-2023 16:36:21.260 INFO] - clickOnContinueButton success
[11-10-2023 16:36:21.261 INFO] - clickOnContinueButton success
[11-10-2023 16:36:21.329 INFO] - verifyBillingAddressTabIsExpanding success
[11-10-2023 16:36:21.329 INFO] - verifyBillingAddressTabIsExpanding success
[11-10-2023 16:36:21.329 INFO] - verifyBillingAddressTabIsExpanding success
[11-10-2023 16:36:21.369 INFO] - verifyRadioButtonPaymentMethodCashIsSelected success
[11-10-2023 16:36:21.369 INFO] - verifyRadioButtonPaymentMethodCashIsSelected success
[11-10-2023 16:36:21.370 INFO] - verifyRadioButtonPaymentMethodCashIsSelected success
[11-10-2023 16:36:23.452 INFO] - clickOnContinueButton success
[11-10-2023 16:36:23.452 INFO] - clickOnContinueButton success
[11-10-2023 16:36:23.453 INFO] - clickOnContinueButton success
[11-10-2023 16:36:23.515 INFO] - verifyBillingAddressTabIsExpanding success
[11-10-2023 16:36:23.516 INFO] - verifyBillingAddressTabIsExpanding success
[11-10-2023 16:36:23.516 INFO] - verifyBillingAddressTabIsExpanding success
[11-10-2023 16:36:23.561 INFO] - verifyMsgPaymentInfoAppear success
[11-10-2023 16:36:23.562 INFO] - verifyMsgPaymentInfoAppear success
[11-10-2023 16:36:23.562 INFO] - verifyMsgPaymentInfoAppear success
[11-10-2023 16:36:25.615 INFO] - clickOnContinueButton success
[11-10-2023 16:36:25.617 INFO] - clickOnContinueButton success
[11-10-2023 16:36:25.618 INFO] - clickOnContinueButton success
[11-10-2023 16:36:25.684 INFO] - verifyBillingAddressTabIsExpanding success
[11-10-2023 16:36:25.685 INFO] - verifyBillingAddressTabIsExpanding success
[11-10-2023 16:36:25.685 INFO] - verifyBillingAddressTabIsExpanding success
[11-10-2023 16:36:25.713 INFO] - verifyBillingAddressInfo success
[11-10-2023 16:36:25.713 INFO] - verifyBillingAddressInfo success
[11-10-2023 16:36:25.713 INFO] - verifyBillingAddressInfo success
[11-10-2023 16:36:25.733 INFO] - verifyBillingAddressInfo success
[11-10-2023 16:36:25.734 INFO] - verifyBillingAddressInfo success
[11-10-2023 16:36:25.734 INFO] - verifyBillingAddressInfo success
[11-10-2023 16:36:25.754 INFO] - verifyBillingAddressInfo success
[11-10-2023 16:36:25.755 INFO] - verifyBillingAddressInfo success
[11-10-2023 16:36:25.755 INFO] - verifyBillingAddressInfo success
[11-10-2023 16:36:25.777 INFO] - verifyBillingAddressInfo success
[11-10-2023 16:36:25.777 INFO] - verifyBillingAddressInfo success
[11-10-2023 16:36:25.777 INFO] - verifyBillingAddressInfo success
[11-10-2023 16:36:25.798 INFO] - verifyPaymentMethodInfo success
[11-10-2023 16:36:25.798 INFO] - verifyPaymentMethodInfo success
[11-10-2023 16:36:25.798 INFO] - verifyPaymentMethodInfo success
[11-10-2023 16:36:25.818 INFO] - verifyProductInfo success
[11-10-2023 16:36:25.818 INFO] - verifyProductInfo success
[11-10-2023 16:36:25.818 INFO] - verifyProductInfo success
[11-10-2023 16:36:25.901 INFO] - verifyProductInfo success
[11-10-2023 16:36:25.901 INFO] - verifyProductInfo success
[11-10-2023 16:36:25.901 INFO] - verifyProductInfo success
[11-10-2023 16:36:27.968 INFO] - clickOnContinueButton success
[11-10-2023 16:36:27.969 INFO] - clickOnContinueButton success
[11-10-2023 16:36:27.970 INFO] - clickOnContinueButton success
[11-10-2023 16:36:28.028 INFO] - verifyMsgOrderSuccess success
[11-10-2023 16:36:28.028 INFO] - verifyMsgOrderSuccess success
[11-10-2023 16:36:28.028 INFO] - verifyMsgOrderSuccess success
[11-10-2023 16:36:30.708 INFO] - clickOnContinueCompleteOrderButton success
[11-10-2023 16:36:30.709 INFO] - clickOnContinueCompleteOrderButton success
[11-10-2023 16:36:30.709 INFO] - clickOnContinueCompleteOrderButton success
[11-10-2023 16:36:30.725 INFO] - Open Home page success
[11-10-2023 16:36:30.726 INFO] - Open Home page success
[11-10-2023 16:36:30.727 INFO] - Open Home page success
[11-10-2023 16:36:30.743 INFO] - ---------- TC_04_Verify_Buy_Item_Successfully SUCCESS test ----------
[11-10-2023 16:36:31.806 INFO] - Close browser
