[09-10-2023 13:22:47.046 INFO] - Open browser
[09-10-2023 13:22:53.014 INFO] - Open Home page success
[09-10-2023 13:22:53.014 INFO] - Open Home page success
[09-10-2023 13:22:53.014 INFO] - Open Home page success
[09-10-2023 13:22:54.608 INFO] - Open Login page success
[09-10-2023 13:22:54.609 INFO] - Open Login page success
[09-10-2023 13:22:54.609 INFO] - Open Login page success
[09-10-2023 13:22:55.672 INFO] - Send Key To User name success
[09-10-2023 13:22:55.672 INFO] - Send Key To  User name success
[09-10-2023 13:22:55.672 INFO] - Send Key To  User name success
[09-10-2023 13:22:56.754 INFO] - Send Key To Password success
[09-10-2023 13:22:56.754 INFO] - Send Key To Password success
[09-10-2023 13:22:56.754 INFO] - Send Key To Password success
[09-10-2023 13:22:58.331 INFO] - Click on button Login success
[09-10-2023 13:22:58.332 INFO] - Click on button Login success
[09-10-2023 13:22:58.332 INFO] - Click on button Login success
[09-10-2023 13:22:58.368 INFO] - ---------- TC_01_Verify_Login_To_Demo_Web_Shop FAILED test ----------
[09-10-2023 13:22:59.266 INFO] - Open Home page success
[09-10-2023 13:22:59.266 INFO] - Open Home page success
[09-10-2023 13:22:59.266 INFO] - Open Home page success
[09-10-2023 13:23:00.826 INFO] - Open Login page success
[09-10-2023 13:23:00.826 INFO] - Open Login page success
[09-10-2023 13:23:00.826 INFO] - Open Login page success
[09-10-2023 13:23:01.915 INFO] - Send Key To User name success
[09-10-2023 13:23:01.915 INFO] - Send Key To  User name success
[09-10-2023 13:23:01.915 INFO] - Send Key To  User name success
[09-10-2023 13:23:02.976 INFO] - Send Key To Password success
[09-10-2023 13:23:02.976 INFO] - Send Key To Password success
[09-10-2023 13:23:02.976 INFO] - Send Key To Password success
[09-10-2023 13:23:05.141 INFO] - Click on button Login success
[09-10-2023 13:23:05.141 INFO] - Click on button Login success
[09-10-2023 13:23:05.141 INFO] - Click on button Login success
[09-10-2023 13:23:05.159 INFO] - ---------- TC_01_Verify_Login_To_Demo_Web_Shop FAILED test ----------
[09-10-2023 13:23:05.907 INFO] - Open Home page success
[09-10-2023 13:23:05.908 INFO] - Open Home page success
[09-10-2023 13:23:05.908 INFO] - Open Home page success
[09-10-2023 13:23:07.465 INFO] - Open Login page success
[09-10-2023 13:23:07.465 INFO] - Open Login page success
[09-10-2023 13:23:07.465 INFO] - Open Login page success
[09-10-2023 13:23:08.517 INFO] - Send Key To User name success
[09-10-2023 13:23:08.517 INFO] - Send Key To  User name success
[09-10-2023 13:23:08.517 INFO] - Send Key To  User name success
[09-10-2023 13:23:09.577 INFO] - Send Key To Password success
[09-10-2023 13:23:09.577 INFO] - Send Key To Password success
[09-10-2023 13:23:09.577 INFO] - Send Key To Password success
[09-10-2023 13:23:11.674 INFO] - Click on button Login success
[09-10-2023 13:23:11.675 INFO] - Click on button Login success
[09-10-2023 13:23:11.675 INFO] - Click on button Login success
[09-10-2023 13:23:11.687 INFO] - ---------- TC_01_Verify_Login_To_Demo_Web_Shop FAILED test ----------
[09-10-2023 13:23:12.457 INFO] - Open Home page success
[09-10-2023 13:23:12.458 INFO] - Open Home page success
[09-10-2023 13:23:12.458 INFO] - Open Home page success
[09-10-2023 13:23:14.009 INFO] - Open Login page success
[09-10-2023 13:23:14.009 INFO] - Open Login page success
[09-10-2023 13:23:14.010 INFO] - Open Login page success
[09-10-2023 13:23:15.074 INFO] - Send Key To User name success
[09-10-2023 13:23:15.074 INFO] - Send Key To  User name success
[09-10-2023 13:23:15.074 INFO] - Send Key To  User name success
[09-10-2023 13:23:16.142 INFO] - Send Key To Password success
[09-10-2023 13:23:16.142 INFO] - Send Key To Password success
[09-10-2023 13:23:16.142 INFO] - Send Key To Password success
[09-10-2023 13:23:17.608 INFO] - Click on button Login success
[09-10-2023 13:23:17.609 INFO] - Click on button Login success
[09-10-2023 13:23:17.609 INFO] - Click on button Login success
[09-10-2023 13:23:17.680 INFO] - ---------- TC_01_Verify_Login_To_Demo_Web_Shop FAILED test ----------
[09-10-2023 13:23:18.399 INFO] - Open Home page success
[09-10-2023 13:23:18.399 INFO] - Open Home page success
[09-10-2023 13:23:18.399 INFO] - Open Home page success
[09-10-2023 13:23:19.916 INFO] - Open Login page success
[09-10-2023 13:23:19.916 INFO] - Open Login page success
[09-10-2023 13:23:19.917 INFO] - Open Login page success
[09-10-2023 13:23:20.968 INFO] - Send Key To User name success
[09-10-2023 13:23:20.968 INFO] - Send Key To  User name success
[09-10-2023 13:23:20.968 INFO] - Send Key To  User name success
[09-10-2023 13:23:22.043 INFO] - Send Key To Password success
[09-10-2023 13:23:22.043 INFO] - Send Key To Password success
[09-10-2023 13:23:22.043 INFO] - Send Key To Password success
[09-10-2023 13:23:23.084 INFO] - Click on button Login success
[09-10-2023 13:23:23.084 INFO] - Click on button Login success
[09-10-2023 13:23:23.084 INFO] - Click on button Login success
[09-10-2023 13:23:23.102 INFO] - ---------- TC_01_Verify_Login_To_Demo_Web_Shop FAILED test ----------
[09-10-2023 13:23:24.334 INFO] - Open Home page success
[09-10-2023 13:23:24.334 INFO] - Open Home page success
[09-10-2023 13:23:24.334 INFO] - Open Home page success
[09-10-2023 13:23:25.853 INFO] - Open Login page success
[09-10-2023 13:23:25.853 INFO] - Open Login page success
[09-10-2023 13:23:25.853 INFO] - Open Login page success
[09-10-2023 13:23:26.911 INFO] - Send Key To User name success
[09-10-2023 13:23:26.911 INFO] - Send Key To  User name success
[09-10-2023 13:23:26.911 INFO] - Send Key To  User name success
[09-10-2023 13:23:27.987 INFO] - Send Key To Password success
[09-10-2023 13:23:27.987 INFO] - Send Key To Password success
[09-10-2023 13:23:27.988 INFO] - Send Key To Password success
[09-10-2023 13:23:30.688 INFO] - Click on button Login success
[09-10-2023 13:23:30.689 INFO] - Click on button Login success
[09-10-2023 13:23:30.689 INFO] - Click on button Login success
[09-10-2023 13:23:30.712 INFO] - ---------- TC_01_Verify_Login_To_Demo_Web_Shop FAILED test ----------
[09-10-2023 13:23:31.606 INFO] - Close browser
