[11-10-2023 17:47:34.531 INFO] - Open browser
[11-10-2023 17:47:42.760 INFO] - Open Home page success
[11-10-2023 17:47:42.760 INFO] - Open Home page success
[11-10-2023 17:47:42.761 INFO] - Open Home page success
[11-10-2023 17:47:45.331 INFO] - Open Login page success
[11-10-2023 17:47:45.331 INFO] - Open Login page success
[11-10-2023 17:47:45.332 INFO] - Open Login page success
[11-10-2023 17:47:48.603 INFO] - Send Key To User name success
[11-10-2023 17:47:48.607 INFO] - Send Key To  User name success
[11-10-2023 17:47:48.609 INFO] - Send Key To  User name success
[11-10-2023 17:47:51.943 INFO] - Send Key To Password success
[11-10-2023 17:47:51.945 INFO] - Send Key To Password success
[11-10-2023 17:47:51.949 INFO] - Send Key To Password success
[11-10-2023 17:47:54.571 INFO] - Click on button Login success
[11-10-2023 17:47:54.574 INFO] - Click on button Login success
[11-10-2023 17:47:54.577 INFO] - Click on button Login success
[11-10-2023 17:47:54.659 INFO] - ---------- TC_01_Verify_Login_To_Demo_Web_Shop SUCCESS test ----------
[11-10-2023 17:47:55.370 INFO] - Open Home page success
[11-10-2023 17:47:55.370 INFO] - Open Home page success
[11-10-2023 17:47:55.375 INFO] - Open Home page success
[11-10-2023 17:47:58.003 INFO] - Open Login page success
[11-10-2023 17:47:58.005 INFO] - Open Login page success
[11-10-2023 17:47:58.006 INFO] - Open Login page success
[11-10-2023 17:48:01.170 INFO] - Send Key To User name success
[11-10-2023 17:48:01.172 INFO] - Send Key To  User name success
[11-10-2023 17:48:01.172 INFO] - Send Key To  User name success
[11-10-2023 17:48:04.373 INFO] - Send Key To Password success
[11-10-2023 17:48:04.373 INFO] - Send Key To Password success
[11-10-2023 17:48:04.374 INFO] - Send Key To Password success
[11-10-2023 17:48:08.105 INFO] - Click on button Login success
[11-10-2023 17:48:08.106 INFO] - Click on button Login success
[11-10-2023 17:48:08.107 INFO] - Click on button Login success
[11-10-2023 17:48:08.182 INFO] - ---------- TC_01_Verify_Login_To_Demo_Web_Shop SUCCESS test ----------
[11-10-2023 17:48:09.163 INFO] - Open Home page success
[11-10-2023 17:48:09.164 INFO] - Open Home page success
[11-10-2023 17:48:09.164 INFO] - Open Home page success
[11-10-2023 17:48:11.737 INFO] - Open Login page success
[11-10-2023 17:48:11.738 INFO] - Open Login page success
[11-10-2023 17:48:11.739 INFO] - Open Login page success
[11-10-2023 17:48:15.020 INFO] - Send Key To User name success
[11-10-2023 17:48:15.021 INFO] - Send Key To  User name success
[11-10-2023 17:48:15.023 INFO] - Send Key To  User name success
[11-10-2023 17:48:18.261 INFO] - Send Key To Password success
[11-10-2023 17:48:18.266 INFO] - Send Key To Password success
[11-10-2023 17:48:18.269 INFO] - Send Key To Password success
[11-10-2023 17:48:20.891 INFO] - Click on button Login success
[11-10-2023 17:48:20.893 INFO] - Click on button Login success
[11-10-2023 17:48:20.895 INFO] - Click on button Login success
[11-10-2023 17:48:20.965 INFO] - ---------- TC_01_Verify_Login_To_Demo_Web_Shop SUCCESS test ----------
[11-10-2023 17:48:21.689 INFO] - Open Home page success
[11-10-2023 17:48:21.690 INFO] - Open Home page success
[11-10-2023 17:48:21.690 INFO] - Open Home page success
[11-10-2023 17:48:24.256 INFO] - Open Login page success
[11-10-2023 17:48:24.258 INFO] - Open Login page success
[11-10-2023 17:48:24.258 INFO] - Open Login page success
[11-10-2023 17:48:27.556 INFO] - Send Key To User name success
[11-10-2023 17:48:27.557 INFO] - Send Key To  User name success
[11-10-2023 17:48:27.559 INFO] - Send Key To  User name success
[11-10-2023 17:48:30.867 INFO] - Send Key To Password success
[11-10-2023 17:48:30.869 INFO] - Send Key To Password success
[11-10-2023 17:48:30.871 INFO] - Send Key To Password success
[11-10-2023 17:48:33.439 INFO] - Click on button Login success
[11-10-2023 17:48:33.441 INFO] - Click on button Login success
[11-10-2023 17:48:33.446 INFO] - Click on button Login success
[11-10-2023 17:48:33.512 INFO] - ---------- TC_01_Verify_Login_To_Demo_Web_Shop SUCCESS test ----------
[11-10-2023 17:48:34.164 INFO] - Open Home page success
[11-10-2023 17:48:34.164 INFO] - Open Home page success
[11-10-2023 17:48:34.164 INFO] - Open Home page success
[11-10-2023 17:48:36.768 INFO] - Open Login page success
[11-10-2023 17:48:36.770 INFO] - Open Login page success
[11-10-2023 17:48:36.770 INFO] - Open Login page success
[11-10-2023 17:48:40.041 INFO] - Send Key To User name success
[11-10-2023 17:48:40.041 INFO] - Send Key To  User name success
[11-10-2023 17:48:40.042 INFO] - Send Key To  User name success
[11-10-2023 17:48:43.218 INFO] - Send Key To Password success
[11-10-2023 17:48:43.219 INFO] - Send Key To Password success
[11-10-2023 17:48:43.221 INFO] - Send Key To Password success
[11-10-2023 17:48:45.320 INFO] - Click on button Login success
[11-10-2023 17:48:45.322 INFO] - Click on button Login success
[11-10-2023 17:48:45.322 INFO] - Click on button Login success
[11-10-2023 17:48:45.371 INFO] - ---------- TC_01_Verify_Login_To_Demo_Web_Shop SUCCESS test ----------
[11-10-2023 17:48:46.079 INFO] - Open Home page success
[11-10-2023 17:48:46.079 INFO] - Open Home page success
[11-10-2023 17:48:46.079 INFO] - Open Home page success
[11-10-2023 17:48:48.648 INFO] - Open Login page success
[11-10-2023 17:48:48.648 INFO] - Open Login page success
[11-10-2023 17:48:48.648 INFO] - Open Login page success
[11-10-2023 17:48:51.912 INFO] - Send Key To User name success
[11-10-2023 17:48:51.914 INFO] - Send Key To  User name success
[11-10-2023 17:48:51.916 INFO] - Send Key To  User name success
[11-10-2023 17:48:55.209 INFO] - Send Key To Password success
[11-10-2023 17:48:55.210 INFO] - Send Key To Password success
[11-10-2023 17:48:55.211 INFO] - Send Key To Password success
[11-10-2023 17:48:58.626 INFO] - Click on button Login success
[11-10-2023 17:48:58.627 INFO] - Click on button Login success
[11-10-2023 17:48:58.628 INFO] - Click on button Login success
[11-10-2023 17:48:58.692 INFO] - ---------- TC_01_Verify_Login_To_Demo_Web_Shop SUCCESS test ----------
[11-10-2023 17:48:59.566 INFO] - Close browser
[11-10-2023 17:49:00.876 INFO] - Open browser
[11-10-2023 17:49:04.719 INFO] - Open Home page success
[11-10-2023 17:49:04.720 INFO] - Open Home page success
[11-10-2023 17:49:04.720 INFO] - Open Home page success
[11-10-2023 17:49:07.919 INFO] - Open Book page success
[11-10-2023 17:49:07.919 INFO] - Open Book page success
[11-10-2023 17:49:07.920 INFO] - Open Book page success
[11-10-2023 17:49:10.124 INFO] - Click on book 1 success
[11-10-2023 17:49:10.125 INFO] - Click on book 1 success
[11-10-2023 17:49:10.125 INFO] - Click on book 1 success
[11-10-2023 17:49:16.361 INFO] - Click on book 2 success
[11-10-2023 17:49:16.362 INFO] - Click on book 2 success
[11-10-2023 17:49:16.363 INFO] - Click on book 2 success
[11-10-2023 17:49:20.470 INFO] - Verify increases product 
[11-10-2023 17:49:20.470 INFO] - Verify increases product
[11-10-2023 17:49:20.470 INFO] - Verify increases product
[11-10-2023 17:49:29.843 INFO] - ---------- TC_02_Verify_Add_Books_To_Card SUCCESS test ----------
[11-10-2023 17:49:30.691 INFO] - Close browser
[11-10-2023 17:49:31.862 INFO] - Open browser
[11-10-2023 17:49:35.490 INFO] - Open Home page success
[11-10-2023 17:49:35.490 INFO] - Open Home page success
[11-10-2023 17:49:35.491 INFO] - Open Home page success
[11-10-2023 17:49:37.618 INFO] - Click on product 1 success
[11-10-2023 17:49:37.621 INFO] - Click on product 1 success
[11-10-2023 17:49:37.626 INFO] - Click on product 1 success
[11-10-2023 17:49:43.781 INFO] - Click on product 2 success
[11-10-2023 17:49:43.782 INFO] - Click on product 2 success
[11-10-2023 17:49:43.782 INFO] - Click on product 2 success
[11-10-2023 17:49:49.972 INFO] - Click on product 2 success
[11-10-2023 17:49:49.972 INFO] - Click on product 2 success
[11-10-2023 17:49:49.972 INFO] - Click on product 2 success
[11-10-2023 17:49:54.027 INFO] - Verify increases product 
[11-10-2023 17:49:54.027 INFO] - Verify increases product
[11-10-2023 17:49:54.028 INFO] - Verify increases product
[11-10-2023 17:49:56.973 INFO] - User in cart page
[11-10-2023 17:49:56.974 INFO] - User in cart page
[11-10-2023 17:49:56.974 INFO] - User in cart page
[11-10-2023 17:50:05.343 INFO] - sendKetToQuantity success
[11-10-2023 17:50:05.344 INFO] - sendKetToQuantity success
[11-10-2023 17:50:05.345 INFO] - sendKetToQuantity success
[11-10-2023 17:50:10.202 INFO] - clickOnUpdateToCartAndVerifyDecreasesQuantity success
[11-10-2023 17:50:10.202 INFO] - clickOnUpdateToCartAndVerifyDecreasesQuantity success
[11-10-2023 17:50:10.202 INFO] - clickOnUpdateToCartAndVerifyDecreasesQuantity success
[11-10-2023 17:50:10.203 INFO] - ---------- TC_03_Verify_Remove_Item_Out_Of_Shopping_Cart SUCCESS test ----------
[11-10-2023 17:50:11.046 INFO] - Close browser
[11-10-2023 17:50:12.218 INFO] - Open browser
[11-10-2023 17:50:16.316 INFO] - Open Home page success
[11-10-2023 17:50:16.316 INFO] - Open Home page success
[11-10-2023 17:50:16.316 INFO] - Open Home page success
[11-10-2023 17:50:19.487 INFO] - User in cart page
[11-10-2023 17:50:19.487 INFO] - User in cart page
[11-10-2023 17:50:19.487 INFO] - User in cart page
[11-10-2023 17:50:21.569 INFO] - Click on product  success
[11-10-2023 17:50:21.570 INFO] - Click on product  success
[11-10-2023 17:50:21.571 INFO] - Click on product  success
[11-10-2023 17:50:25.699 INFO] - Verify quantity increases 
[11-10-2023 17:50:25.699 INFO] - Verify quantity increases
[11-10-2023 17:50:25.700 INFO] - Verify quantity increases
[11-10-2023 17:50:28.584 INFO] - User in cart page
[11-10-2023 17:50:28.584 INFO] - User in cart page
[11-10-2023 17:50:28.585 INFO] - User in cart page
[11-10-2023 17:50:30.681 INFO] - clickOnCheckboxTermOfService success
[11-10-2023 17:50:30.681 INFO] - clickOnCheckboxTermOfService success
[11-10-2023 17:50:30.682 INFO] - clickOnCheckboxTermOfService success
[11-10-2023 17:50:30.707 INFO] - verifyCheckboxRemoveProductIsSelected success
[11-10-2023 17:50:30.707 INFO] - verifyCheckboxRemoveProductIsSelected success
[11-10-2023 17:50:30.707 INFO] - verifyCheckboxRemoveProductIsSelected success
[11-10-2023 17:50:34.783 INFO] - clickOnCheckboxTermOfService success
[11-10-2023 17:50:34.784 INFO] - clickOnCheckboxTermOfService success
[11-10-2023 17:50:34.785 INFO] - clickOnCheckboxTermOfService success
[11-10-2023 17:50:34.799 INFO] - User in Check Out page
[11-10-2023 17:50:34.800 INFO] - User in Check Out page
[11-10-2023 17:50:34.800 INFO] - User in Check Out page
[11-10-2023 17:50:39.807 INFO] - clickOnCheckOuAsGuessButton success
[11-10-2023 17:50:39.808 INFO] - clickOnCheckOuAsGuessButton success
[11-10-2023 17:50:39.808 INFO] - clickOnCheckOuAsGuessButton success
[11-10-2023 17:50:39.814 INFO] - verifyUserIsOnOnePageCheckOut success
[11-10-2023 17:50:39.814 INFO] - verifyUserIsOnOnePageCheckOut success
[11-10-2023 17:50:39.814 INFO] - verifyUserIsOnOnePageCheckOut success
[11-10-2023 17:50:39.845 INFO] - verifyBillingAddressTabIsExpanding success
[11-10-2023 17:50:39.845 INFO] - verifyBillingAddressTabIsExpanding success
[11-10-2023 17:50:39.846 INFO] - verifyBillingAddressTabIsExpanding success
[11-10-2023 17:50:43.067 INFO] - SenKeysToBillingAddressInfo success
[11-10-2023 17:50:43.068 INFO] - SenKeysToBillingAddressInfo success
[11-10-2023 17:50:43.069 INFO] - SenKeysToBillingAddressInfo success
[11-10-2023 17:50:46.326 INFO] - SenKeysToBillingAddressInfo success
[11-10-2023 17:50:46.328 INFO] - SenKeysToBillingAddressInfo success
[11-10-2023 17:50:46.329 INFO] - SenKeysToBillingAddressInfo success
[11-10-2023 17:50:49.641 INFO] - SenKeysToBillingAddressInfo success
[11-10-2023 17:50:49.641 INFO] - SenKeysToBillingAddressInfo success
[11-10-2023 17:50:49.641 INFO] - SenKeysToBillingAddressInfo success
[11-10-2023 17:50:49.744 INFO] - selectCountryVietNamInDropDown success
[11-10-2023 17:50:49.745 INFO] - selectCountryVietNamInDropDown success
[11-10-2023 17:50:49.745 INFO] - selectCountryVietNamInDropDown success
[11-10-2023 17:50:52.908 INFO] - SenKeysToBillingAddressInfo success
[11-10-2023 17:50:52.909 INFO] - SenKeysToBillingAddressInfo success
[11-10-2023 17:50:52.909 INFO] - SenKeysToBillingAddressInfo success
[11-10-2023 17:50:56.129 INFO] - SenKeysToBillingAddressInfo success
[11-10-2023 17:50:56.129 INFO] - SenKeysToBillingAddressInfo success
[11-10-2023 17:50:56.131 INFO] - SenKeysToBillingAddressInfo success
[11-10-2023 17:50:59.320 INFO] - SenKeysToBillingAddressInfo success
[11-10-2023 17:50:59.321 INFO] - SenKeysToBillingAddressInfo success
[11-10-2023 17:50:59.321 INFO] - SenKeysToBillingAddressInfo success
[11-10-2023 17:51:02.685 INFO] - SenKeysToBillingAddressInfo success
[11-10-2023 17:51:02.686 INFO] - SenKeysToBillingAddressInfo success
[11-10-2023 17:51:02.687 INFO] - SenKeysToBillingAddressInfo success
[11-10-2023 17:51:04.816 INFO] - clickOnContinueButton success
[11-10-2023 17:51:04.817 INFO] - clickOnContinueButton success
[11-10-2023 17:51:04.818 INFO] - clickOnContinueButton success
[11-10-2023 17:51:04.892 INFO] - verifyBillingAddressTabIsExpanding success
[11-10-2023 17:51:04.892 INFO] - verifyBillingAddressTabIsExpanding success
[11-10-2023 17:51:04.893 INFO] - verifyBillingAddressTabIsExpanding success
[11-10-2023 17:51:04.920 INFO] - verifyRadioButtonPaymentMethodCashIsSelected success
[11-10-2023 17:51:04.920 INFO] - verifyRadioButtonPaymentMethodCashIsSelected success
[11-10-2023 17:51:04.920 INFO] - verifyRadioButtonPaymentMethodCashIsSelected success
[11-10-2023 17:51:06.992 INFO] - clickOnContinueButton success
[11-10-2023 17:51:06.993 INFO] - clickOnContinueButton success
[11-10-2023 17:51:06.994 INFO] - clickOnContinueButton success
[11-10-2023 17:51:07.054 INFO] - verifyBillingAddressTabIsExpanding success
[11-10-2023 17:51:07.054 INFO] - verifyBillingAddressTabIsExpanding success
[11-10-2023 17:51:07.054 INFO] - verifyBillingAddressTabIsExpanding success
[11-10-2023 17:51:07.117 INFO] - verifyMsgPaymentInfoAppear success
[11-10-2023 17:51:07.117 INFO] - verifyMsgPaymentInfoAppear success
[11-10-2023 17:51:07.118 INFO] - verifyMsgPaymentInfoAppear success
[11-10-2023 17:51:09.179 INFO] - clickOnContinueButton success
[11-10-2023 17:51:09.180 INFO] - clickOnContinueButton success
[11-10-2023 17:51:09.181 INFO] - clickOnContinueButton success
[11-10-2023 17:51:09.245 INFO] - verifyBillingAddressTabIsExpanding success
[11-10-2023 17:51:09.245 INFO] - verifyBillingAddressTabIsExpanding success
[11-10-2023 17:51:09.245 INFO] - verifyBillingAddressTabIsExpanding success
[11-10-2023 17:51:09.271 INFO] - verifyBillingAddressInfo success
[11-10-2023 17:51:09.271 INFO] - verifyBillingAddressInfo success
[11-10-2023 17:51:09.271 INFO] - verifyBillingAddressInfo success
[11-10-2023 17:51:09.293 INFO] - verifyBillingAddressInfo success
[11-10-2023 17:51:09.293 INFO] - verifyBillingAddressInfo success
[11-10-2023 17:51:09.294 INFO] - verifyBillingAddressInfo success
[11-10-2023 17:51:09.316 INFO] - verifyBillingAddressInfo success
[11-10-2023 17:51:09.316 INFO] - verifyBillingAddressInfo success
[11-10-2023 17:51:09.317 INFO] - verifyBillingAddressInfo success
[11-10-2023 17:51:09.337 INFO] - verifyBillingAddressInfo success
[11-10-2023 17:51:09.337 INFO] - verifyBillingAddressInfo success
[11-10-2023 17:51:09.337 INFO] - verifyBillingAddressInfo success
[11-10-2023 17:51:09.356 INFO] - verifyPaymentMethodInfo success
[11-10-2023 17:51:09.356 INFO] - verifyPaymentMethodInfo success
[11-10-2023 17:51:09.356 INFO] - verifyPaymentMethodInfo success
[11-10-2023 17:51:09.377 INFO] - verifyProductInfo success
[11-10-2023 17:51:09.377 INFO] - verifyProductInfo success
[11-10-2023 17:51:09.377 INFO] - verifyProductInfo success
[11-10-2023 17:51:09.442 INFO] - verifyProductInfo success
[11-10-2023 17:51:09.442 INFO] - verifyProductInfo success
[11-10-2023 17:51:09.442 INFO] - verifyProductInfo success
[11-10-2023 17:51:11.500 INFO] - clickOnContinueButton success
[11-10-2023 17:51:11.501 INFO] - clickOnContinueButton success
[11-10-2023 17:51:11.502 INFO] - clickOnContinueButton success
[11-10-2023 17:51:11.570 INFO] - verifyMsgOrderSuccess success
[11-10-2023 17:51:11.571 INFO] - verifyMsgOrderSuccess success
[11-10-2023 17:51:11.571 INFO] - verifyMsgOrderSuccess success
[11-10-2023 17:51:14.197 INFO] - clickOnContinueCompleteOrderButton success
[11-10-2023 17:51:14.199 INFO] - clickOnContinueCompleteOrderButton success
[11-10-2023 17:51:14.200 INFO] - clickOnContinueCompleteOrderButton success
[11-10-2023 17:51:14.229 INFO] - Open Home page success
[11-10-2023 17:51:14.230 INFO] - Open Home page success
[11-10-2023 17:51:14.231 INFO] - Open Home page success
[11-10-2023 17:51:14.232 INFO] - ---------- TC_04_Verify_Buy_Item_Successfully SUCCESS test ----------
[11-10-2023 17:51:15.106 INFO] - Close browser
