[11-10-2023 17:37:12.903 INFO] - Open browser
[11-10-2023 17:37:18.374 INFO] - Open Home page success
[11-10-2023 17:37:18.374 INFO] - Open Home page success
[11-10-2023 17:37:18.375 INFO] - Open Home page success
[11-10-2023 17:37:20.972 INFO] - Open Login page success
[11-10-2023 17:37:20.974 INFO] - Open Login page success
[11-10-2023 17:37:20.975 INFO] - Open Login page success
[11-10-2023 17:37:24.239 INFO] - Send Key To User name success
[11-10-2023 17:37:24.240 INFO] - Send Key To  User name success
[11-10-2023 17:37:24.242 INFO] - Send Key To  User name success
[11-10-2023 17:37:27.529 INFO] - Send Key To Password success
[11-10-2023 17:37:27.531 INFO] - Send Key To Password success
[11-10-2023 17:37:27.532 INFO] - Send Key To Password success
[11-10-2023 17:37:30.147 INFO] - Click on button Login success
[11-10-2023 17:37:30.148 INFO] - Click on button Login success
[11-10-2023 17:37:30.148 INFO] - Click on button Login success
[11-10-2023 17:37:30.258 INFO] - ---------- TC_01_Verify_Login_To_Demo_Web_Shop SUCCESS test ----------
[11-10-2023 17:37:33.024 INFO] - Open Home page success
[11-10-2023 17:37:33.025 INFO] - Open Home page success
[11-10-2023 17:37:33.025 INFO] - Open Home page success
[11-10-2023 17:37:35.805 INFO] - Open Login page success
[11-10-2023 17:37:35.805 INFO] - Open Login page success
[11-10-2023 17:37:35.806 INFO] - Open Login page success
[11-10-2023 17:37:39.013 INFO] - Send Key To User name success
[11-10-2023 17:37:39.013 INFO] - Send Key To  User name success
[11-10-2023 17:37:39.014 INFO] - Send Key To  User name success
[11-10-2023 17:37:42.170 INFO] - Send Key To Password success
[11-10-2023 17:37:42.170 INFO] - Send Key To Password success
[11-10-2023 17:37:42.170 INFO] - Send Key To Password success
[11-10-2023 17:37:44.939 INFO] - Click on button Login success
[11-10-2023 17:37:44.940 INFO] - Click on button Login success
[11-10-2023 17:37:44.941 INFO] - Click on button Login success
[11-10-2023 17:37:45.096 INFO] - ---------- TC_01_Verify_Login_To_Demo_Web_Shop SUCCESS test ----------
[11-10-2023 17:37:46.423 INFO] - Open Home page success
[11-10-2023 17:37:46.424 INFO] - Open Home page success
[11-10-2023 17:37:46.424 INFO] - Open Home page success
[11-10-2023 17:37:49.026 INFO] - Open Login page success
[11-10-2023 17:37:49.027 INFO] - Open Login page success
[11-10-2023 17:37:49.027 INFO] - Open Login page success
[11-10-2023 17:37:52.185 INFO] - Send Key To User name success
[11-10-2023 17:37:52.185 INFO] - Send Key To  User name success
[11-10-2023 17:37:52.185 INFO] - Send Key To  User name success
[11-10-2023 17:37:55.329 INFO] - Send Key To Password success
[11-10-2023 17:37:55.331 INFO] - Send Key To Password success
[11-10-2023 17:37:55.332 INFO] - Send Key To Password success
[11-10-2023 17:37:57.837 INFO] - Click on button Login success
[11-10-2023 17:37:57.838 INFO] - Click on button Login success
[11-10-2023 17:37:57.839 INFO] - Click on button Login success
[11-10-2023 17:37:57.902 INFO] - ---------- TC_01_Verify_Login_To_Demo_Web_Shop SUCCESS test ----------
[11-10-2023 17:37:58.673 INFO] - Open Home page success
[11-10-2023 17:37:58.673 INFO] - Open Home page success
[11-10-2023 17:37:58.673 INFO] - Open Home page success
[11-10-2023 17:38:01.273 INFO] - Open Login page success
[11-10-2023 17:38:01.274 INFO] - Open Login page success
[11-10-2023 17:38:01.274 INFO] - Open Login page success
[11-10-2023 17:38:04.441 INFO] - Send Key To User name success
[11-10-2023 17:38:04.441 INFO] - Send Key To  User name success
[11-10-2023 17:38:04.441 INFO] - Send Key To  User name success
[11-10-2023 17:38:07.593 INFO] - Send Key To Password success
[11-10-2023 17:38:07.594 INFO] - Send Key To Password success
[11-10-2023 17:38:07.694 INFO] - Send Key To Password success
[11-10-2023 17:38:10.514 INFO] - Click on button Login success
[11-10-2023 17:38:10.515 INFO] - Click on button Login success
[11-10-2023 17:38:10.516 INFO] - Click on button Login success
[11-10-2023 17:38:10.569 INFO] - ---------- TC_01_Verify_Login_To_Demo_Web_Shop SUCCESS test ----------
[11-10-2023 17:38:11.241 INFO] - Open Home page success
[11-10-2023 17:38:11.242 INFO] - Open Home page success
[11-10-2023 17:38:11.242 INFO] - Open Home page success
[11-10-2023 17:38:13.777 INFO] - Open Login page success
[11-10-2023 17:38:13.777 INFO] - Open Login page success
[11-10-2023 17:38:13.778 INFO] - Open Login page success
[11-10-2023 17:38:16.911 INFO] - Send Key To User name success
[11-10-2023 17:38:16.912 INFO] - Send Key To  User name success
[11-10-2023 17:38:16.912 INFO] - Send Key To  User name success
[11-10-2023 17:38:20.133 INFO] - Send Key To Password success
[11-10-2023 17:38:20.133 INFO] - Send Key To Password success
[11-10-2023 17:38:20.133 INFO] - Send Key To Password success
[11-10-2023 17:38:22.246 INFO] - Click on button Login success
[11-10-2023 17:38:22.248 INFO] - Click on button Login success
[11-10-2023 17:38:22.249 INFO] - Click on button Login success
[11-10-2023 17:38:22.294 INFO] - ---------- TC_01_Verify_Login_To_Demo_Web_Shop SUCCESS test ----------
[11-10-2023 17:38:23.242 INFO] - Open Home page success
[11-10-2023 17:38:23.242 INFO] - Open Home page success
[11-10-2023 17:38:23.242 INFO] - Open Home page success
[11-10-2023 17:38:25.990 INFO] - Open Login page success
[11-10-2023 17:38:25.990 INFO] - Open Login page success
[11-10-2023 17:38:25.990 INFO] - Open Login page success
[11-10-2023 17:38:29.177 INFO] - Send Key To User name success
[11-10-2023 17:38:29.177 INFO] - Send Key To  User name success
[11-10-2023 17:38:29.177 INFO] - Send Key To  User name success
[11-10-2023 17:38:32.373 INFO] - Send Key To Password success
[11-10-2023 17:38:32.373 INFO] - Send Key To Password success
[11-10-2023 17:38:32.373 INFO] - Send Key To Password success
[11-10-2023 17:38:35.727 INFO] - Click on button Login success
[11-10-2023 17:38:35.728 INFO] - Click on button Login success
[11-10-2023 17:38:35.728 INFO] - Click on button Login success
[11-10-2023 17:38:35.791 INFO] - ---------- TC_01_Verify_Login_To_Demo_Web_Shop SUCCESS test ----------
[11-10-2023 17:38:36.607 INFO] - Close browser
[11-10-2023 17:38:38.636 INFO] - Open browser
[11-10-2023 17:38:42.578 INFO] - Open Home page success
[11-10-2023 17:38:42.580 INFO] - Open Home page success
[11-10-2023 17:38:42.580 INFO] - Open Home page success
[11-10-2023 17:38:45.772 INFO] - Open Book page success
[11-10-2023 17:38:45.773 INFO] - Open Book page success
[11-10-2023 17:38:45.773 INFO] - Open Book page success
[11-10-2023 17:38:47.969 INFO] - Click on book 1 success
[11-10-2023 17:38:47.970 INFO] - Click on book 1 success
[11-10-2023 17:38:47.970 INFO] - Click on book 1 success
[11-10-2023 17:38:54.195 INFO] - Click on book 2 success
[11-10-2023 17:38:54.195 INFO] - Click on book 2 success
[11-10-2023 17:38:54.196 INFO] - Click on book 2 success
[11-10-2023 17:38:58.245 INFO] - Verify increases product 
[11-10-2023 17:38:58.246 INFO] - Verify increases product
[11-10-2023 17:38:58.246 INFO] - Verify increases product
[11-10-2023 17:39:07.726 INFO] - ---------- TC_02_Verify_Add_Books_To_Card SUCCESS test ----------
[11-10-2023 17:39:08.683 INFO] - Close browser
[11-10-2023 17:39:10.047 INFO] - Open browser
[11-10-2023 17:39:14.556 INFO] - Open Home page success
[11-10-2023 17:39:14.556 INFO] - Open Home page success
[11-10-2023 17:39:14.556 INFO] - Open Home page success
[11-10-2023 17:39:16.674 INFO] - Click on product 1 success
[11-10-2023 17:39:16.676 INFO] - Click on product 1 success
[11-10-2023 17:39:16.677 INFO] - Click on product 1 success
[11-10-2023 17:39:22.869 INFO] - Click on product 2 success
[11-10-2023 17:39:22.870 INFO] - Click on product 2 success
[11-10-2023 17:39:22.870 INFO] - Click on product 2 success
[11-10-2023 17:39:29.021 INFO] - Click on product 2 success
[11-10-2023 17:39:29.021 INFO] - Click on product 2 success
[11-10-2023 17:39:29.022 INFO] - Click on product 2 success
[11-10-2023 17:39:33.066 INFO] - Verify increases product 
[11-10-2023 17:39:33.066 INFO] - Verify increases product
[11-10-2023 17:39:33.067 INFO] - Verify increases product
[11-10-2023 17:39:37.313 INFO] - User in cart page
[11-10-2023 17:39:37.314 INFO] - User in cart page
[11-10-2023 17:39:37.314 INFO] - User in cart page
[11-10-2023 17:39:45.556 INFO] - sendKetToQuantity success
[11-10-2023 17:39:45.556 INFO] - sendKetToQuantity success
[11-10-2023 17:39:45.556 INFO] - sendKetToQuantity success
[11-10-2023 17:39:50.462 INFO] - clickOnUpdateToCartAndVerifyDecreasesQuantity success
[11-10-2023 17:39:50.462 INFO] - clickOnUpdateToCartAndVerifyDecreasesQuantity success
[11-10-2023 17:39:50.463 INFO] - clickOnUpdateToCartAndVerifyDecreasesQuantity success
[11-10-2023 17:39:50.463 INFO] - ---------- TC_03_Verify_Remove_Item_Out_Of_Shopping_Cart SUCCESS test ----------
[11-10-2023 17:39:51.224 INFO] - Close browser
[11-10-2023 17:39:52.543 INFO] - Open browser
[11-10-2023 17:39:56.959 INFO] - Open Home page success
[11-10-2023 17:39:56.959 INFO] - Open Home page success
[11-10-2023 17:39:56.959 INFO] - Open Home page success
[11-10-2023 17:40:00.137 INFO] - User in cart page
[11-10-2023 17:40:00.137 INFO] - User in cart page
[11-10-2023 17:40:00.137 INFO] - User in cart page
[11-10-2023 17:40:02.244 INFO] - Click on product  success
[11-10-2023 17:40:02.244 INFO] - Click on product  success
[11-10-2023 17:40:02.245 INFO] - Click on product  success
[11-10-2023 17:40:06.367 INFO] - Verify quantity increases 
[11-10-2023 17:40:06.367 INFO] - Verify quantity increases
[11-10-2023 17:40:06.368 INFO] - Verify quantity increases
[11-10-2023 17:40:09.187 INFO] - User in cart page
[11-10-2023 17:40:09.187 INFO] - User in cart page
[11-10-2023 17:40:09.187 INFO] - User in cart page
[11-10-2023 17:40:11.260 INFO] - clickOnCheckboxTermOfService success
[11-10-2023 17:40:11.261 INFO] - clickOnCheckboxTermOfService success
[11-10-2023 17:40:11.261 INFO] - clickOnCheckboxTermOfService success
[11-10-2023 17:40:11.286 INFO] - verifyCheckboxRemoveProductIsSelected success
[11-10-2023 17:40:11.286 INFO] - verifyCheckboxRemoveProductIsSelected success
[11-10-2023 17:40:11.286 INFO] - verifyCheckboxRemoveProductIsSelected success
[11-10-2023 17:40:14.204 INFO] - clickOnCheckboxTermOfService success
[11-10-2023 17:40:14.204 INFO] - clickOnCheckboxTermOfService success
[11-10-2023 17:40:14.204 INFO] - clickOnCheckboxTermOfService success
[11-10-2023 17:40:14.218 INFO] - User in Check Out page
[11-10-2023 17:40:14.219 INFO] - User in Check Out page
[11-10-2023 17:40:14.219 INFO] - User in Check Out page
[11-10-2023 17:40:19.723 INFO] - clickOnCheckOuAsGuessButton success
[11-10-2023 17:40:19.723 INFO] - clickOnCheckOuAsGuessButton success
[11-10-2023 17:40:19.723 INFO] - clickOnCheckOuAsGuessButton success
[11-10-2023 17:40:19.727 INFO] - verifyUserIsOnOnePageCheckOut success
[11-10-2023 17:40:19.727 INFO] - verifyUserIsOnOnePageCheckOut success
[11-10-2023 17:40:19.728 INFO] - verifyUserIsOnOnePageCheckOut success
[11-10-2023 17:40:19.755 INFO] - verifyBillingAddressTabIsExpanding success
[11-10-2023 17:40:19.755 INFO] - verifyBillingAddressTabIsExpanding success
[11-10-2023 17:40:19.755 INFO] - verifyBillingAddressTabIsExpanding success
[11-10-2023 17:40:23.053 INFO] - SenKeysToBillingAddressInfo success
[11-10-2023 17:40:23.053 INFO] - SenKeysToBillingAddressInfo success
[11-10-2023 17:40:23.053 INFO] - SenKeysToBillingAddressInfo success
[11-10-2023 17:40:26.486 INFO] - SenKeysToBillingAddressInfo success
[11-10-2023 17:40:26.486 INFO] - SenKeysToBillingAddressInfo success
[11-10-2023 17:40:26.487 INFO] - SenKeysToBillingAddressInfo success
[11-10-2023 17:40:29.673 INFO] - SenKeysToBillingAddressInfo success
[11-10-2023 17:40:29.673 INFO] - SenKeysToBillingAddressInfo success
[11-10-2023 17:40:29.674 INFO] - SenKeysToBillingAddressInfo success
[11-10-2023 17:40:29.801 INFO] - selectCountryVietNamInDropDown success
[11-10-2023 17:40:29.802 INFO] - selectCountryVietNamInDropDown success
[11-10-2023 17:40:29.802 INFO] - selectCountryVietNamInDropDown success
[11-10-2023 17:40:32.988 INFO] - SenKeysToBillingAddressInfo success
[11-10-2023 17:40:32.989 INFO] - SenKeysToBillingAddressInfo success
[11-10-2023 17:40:32.989 INFO] - SenKeysToBillingAddressInfo success
[11-10-2023 17:40:36.272 INFO] - SenKeysToBillingAddressInfo success
[11-10-2023 17:40:36.273 INFO] - SenKeysToBillingAddressInfo success
[11-10-2023 17:40:36.275 INFO] - SenKeysToBillingAddressInfo success
[11-10-2023 17:40:39.528 INFO] - SenKeysToBillingAddressInfo success
[11-10-2023 17:40:39.528 INFO] - SenKeysToBillingAddressInfo success
[11-10-2023 17:40:39.529 INFO] - SenKeysToBillingAddressInfo success
[11-10-2023 17:40:42.782 INFO] - SenKeysToBillingAddressInfo success
[11-10-2023 17:40:42.782 INFO] - SenKeysToBillingAddressInfo success
[11-10-2023 17:40:42.783 INFO] - SenKeysToBillingAddressInfo success
[11-10-2023 17:40:44.924 INFO] - clickOnContinueButton success
[11-10-2023 17:40:44.925 INFO] - clickOnContinueButton success
[11-10-2023 17:40:44.926 INFO] - clickOnContinueButton success
[11-10-2023 17:40:45.026 INFO] - verifyBillingAddressTabIsExpanding success
[11-10-2023 17:40:45.027 INFO] - verifyBillingAddressTabIsExpanding success
[11-10-2023 17:40:45.027 INFO] - verifyBillingAddressTabIsExpanding success
[11-10-2023 17:40:45.062 INFO] - verifyRadioButtonPaymentMethodCashIsSelected success
[11-10-2023 17:40:45.062 INFO] - verifyRadioButtonPaymentMethodCashIsSelected success
[11-10-2023 17:40:45.062 INFO] - verifyRadioButtonPaymentMethodCashIsSelected success
[11-10-2023 17:40:47.127 INFO] - clickOnContinueButton success
[11-10-2023 17:40:47.128 INFO] - clickOnContinueButton success
[11-10-2023 17:40:47.128 INFO] - clickOnContinueButton success
[11-10-2023 17:40:47.165 INFO] - verifyBillingAddressTabIsExpanding success
[11-10-2023 17:40:47.165 INFO] - verifyBillingAddressTabIsExpanding success
[11-10-2023 17:40:47.165 INFO] - verifyBillingAddressTabIsExpanding success
[11-10-2023 17:40:47.197 INFO] - verifyMsgPaymentInfoAppear success
[11-10-2023 17:40:47.197 INFO] - verifyMsgPaymentInfoAppear success
[11-10-2023 17:40:47.198 INFO] - verifyMsgPaymentInfoAppear success
[11-10-2023 17:40:49.258 INFO] - clickOnContinueButton success
[11-10-2023 17:40:49.259 INFO] - clickOnContinueButton success
[11-10-2023 17:40:49.259 INFO] - clickOnContinueButton success
[11-10-2023 17:40:49.303 INFO] - verifyBillingAddressTabIsExpanding success
[11-10-2023 17:40:49.303 INFO] - verifyBillingAddressTabIsExpanding success
[11-10-2023 17:40:49.303 INFO] - verifyBillingAddressTabIsExpanding success
[11-10-2023 17:40:49.345 INFO] - verifyBillingAddressInfo success
[11-10-2023 17:40:49.345 INFO] - verifyBillingAddressInfo success
[11-10-2023 17:40:49.345 INFO] - verifyBillingAddressInfo success
[11-10-2023 17:40:49.373 INFO] - verifyBillingAddressInfo success
[11-10-2023 17:40:49.373 INFO] - verifyBillingAddressInfo success
[11-10-2023 17:40:49.373 INFO] - verifyBillingAddressInfo success
[11-10-2023 17:40:49.396 INFO] - verifyBillingAddressInfo success
[11-10-2023 17:40:49.396 INFO] - verifyBillingAddressInfo success
[11-10-2023 17:40:49.396 INFO] - verifyBillingAddressInfo success
[11-10-2023 17:40:49.417 INFO] - verifyBillingAddressInfo success
[11-10-2023 17:40:49.417 INFO] - verifyBillingAddressInfo success
[11-10-2023 17:40:49.417 INFO] - verifyBillingAddressInfo success
[11-10-2023 17:40:49.438 INFO] - verifyPaymentMethodInfo success
[11-10-2023 17:40:49.439 INFO] - verifyPaymentMethodInfo success
[11-10-2023 17:40:49.439 INFO] - verifyPaymentMethodInfo success
[11-10-2023 17:40:49.462 INFO] - verifyProductInfo success
[11-10-2023 17:40:49.462 INFO] - verifyProductInfo success
[11-10-2023 17:40:49.462 INFO] - verifyProductInfo success
[11-10-2023 17:40:49.536 INFO] - verifyProductInfo success
[11-10-2023 17:40:49.536 INFO] - verifyProductInfo success
[11-10-2023 17:40:49.537 INFO] - verifyProductInfo success
[11-10-2023 17:40:51.604 INFO] - clickOnContinueButton success
[11-10-2023 17:40:51.605 INFO] - clickOnContinueButton success
[11-10-2023 17:40:51.606 INFO] - clickOnContinueButton success
[11-10-2023 17:40:51.682 INFO] - verifyMsgOrderSuccess success
[11-10-2023 17:40:51.683 INFO] - verifyMsgOrderSuccess success
[11-10-2023 17:40:51.683 INFO] - verifyMsgOrderSuccess success
[11-10-2023 17:40:54.623 INFO] - clickOnContinueCompleteOrderButton success
[11-10-2023 17:40:54.625 INFO] - clickOnContinueCompleteOrderButton success
[11-10-2023 17:40:54.625 INFO] - clickOnContinueCompleteOrderButton success
[11-10-2023 17:40:54.646 INFO] - Open Home page success
[11-10-2023 17:40:54.647 INFO] - Open Home page success
[11-10-2023 17:40:54.647 INFO] - Open Home page success
[11-10-2023 17:40:54.648 INFO] - ---------- TC_04_Verify_Buy_Item_Successfully SUCCESS test ----------
[11-10-2023 17:40:55.472 INFO] - Close browser
