[09-10-2023 23:01:51.847 INFO] - Open browser
[09-10-2023 23:01:56.043 INFO] - Open Home page success
[09-10-2023 23:01:56.044 INFO] - Open Home page success
[09-10-2023 23:01:56.044 INFO] - Open Home page success
[09-10-2023 23:01:58.186 INFO] - Click on product 1 success
[09-10-2023 23:01:58.186 INFO] - Click on product 1 success
[09-10-2023 23:01:58.187 INFO] - Click on product 1 success
[09-10-2023 23:02:04.386 INFO] - Click on product 2 success
[09-10-2023 23:02:04.387 INFO] - Click on product 2 success
[09-10-2023 23:02:04.387 INFO] - Click on product 2 success
[09-10-2023 23:02:10.544 INFO] - Click on product 2 success
[09-10-2023 23:02:10.545 INFO] - Click on product 2 success
[09-10-2023 23:02:10.545 INFO] - Click on product 2 success
[09-10-2023 23:02:14.631 INFO] - Verify increases product 
[09-10-2023 23:02:14.631 INFO] - Verify increases product
[09-10-2023 23:02:14.631 INFO] - Verify increases product
[09-10-2023 23:02:17.527 INFO] - User in cart page
[09-10-2023 23:02:17.527 INFO] - User in cart page
[09-10-2023 23:02:17.527 INFO] - User in cart page
[09-10-2023 23:02:19.602 INFO] - clickOnCheckboxRemoveProduct success
[09-10-2023 23:02:19.603 INFO] - clickOnCheckboxRemoveProduct success
[09-10-2023 23:02:19.603 INFO] - clickOnCheckboxRemoveProduct success
[09-10-2023 23:02:19.653 INFO] - verifyCheckboxRemoveProductIsSelected success
[09-10-2023 23:02:19.653 INFO] - verifyCheckboxRemoveProductIsSelected success
[09-10-2023 23:02:19.653 INFO] - verifyCheckboxRemoveProductIsSelected success
[09-10-2023 23:02:19.698 INFO] - verifyCheckboxRemoveProductIsSelected success
[09-10-2023 23:02:19.698 INFO] - verifyCheckboxRemoveProductIsSelected success
[09-10-2023 23:02:19.699 INFO] - verifyCheckboxRemoveProductIsSelected success
[09-10-2023 23:02:24.870 INFO] - ---------- TC_03_Verify_Remove_Item_Out_Of_Shopping_Cart SUCCESS test ----------
[09-10-2023 23:02:25.894 INFO] - Close browser
