[07-10-2023 16:15:56.998 INFO] - Open browser
[07-10-2023 16:16:03.630 INFO] - Open Home page success
[07-10-2023 16:16:03.632 INFO] - Open Home page success
[07-10-2023 16:16:03.633 INFO] - Open Home page success
[07-10-2023 16:16:05.234 INFO] - Open Login page success
[07-10-2023 16:16:05.234 INFO] - Open Login page success
[07-10-2023 16:16:05.234 INFO] - Open Login page success
[07-10-2023 16:16:06.365 INFO] - Send Key To User name success
[07-10-2023 16:16:06.366 INFO] - Send Key To  User name success
[07-10-2023 16:16:06.367 INFO] - Send Key To  User name success
[07-10-2023 16:16:07.491 INFO] - Send Key To Password success
[07-10-2023 16:16:07.491 INFO] - Send Key To Password success
[07-10-2023 16:16:07.492 INFO] - Send Key To Password success
[07-10-2023 16:16:09.305 INFO] - Click on button Login success
[07-10-2023 16:16:09.305 INFO] - Click on button Login success
[07-10-2023 16:16:09.306 INFO] - Click on button Login success
[07-10-2023 16:16:44.566 INFO] - ---------- TC_Verify_Login_To_Demo_Web_Shop FAILED test ----------
[07-10-2023 16:16:45.831 INFO] - Open Home page success
[07-10-2023 16:16:45.832 INFO] - Open Home page success
[07-10-2023 16:16:45.832 INFO] - Open Home page success
[07-10-2023 16:16:47.415 INFO] - Open Login page success
[07-10-2023 16:16:47.416 INFO] - Open Login page success
[07-10-2023 16:16:47.416 INFO] - Open Login page success
[07-10-2023 16:16:48.570 INFO] - Send Key To User name success
[07-10-2023 16:16:48.571 INFO] - Send Key To  User name success
[07-10-2023 16:16:48.571 INFO] - Send Key To  User name success
[07-10-2023 16:16:49.689 INFO] - Send Key To Password success
[07-10-2023 16:16:49.690 INFO] - Send Key To Password success
[07-10-2023 16:16:49.690 INFO] - Send Key To Password success
[07-10-2023 16:16:51.284 INFO] - Click on button Login success
[07-10-2023 16:16:51.285 INFO] - Click on button Login success
[07-10-2023 16:16:51.285 INFO] - Click on button Login success
[07-10-2023 16:17:26.392 INFO] - ---------- TC_Verify_Login_To_Demo_Web_Shop FAILED test ----------
[07-10-2023 16:17:27.497 INFO] - Open Home page success
[07-10-2023 16:17:27.498 INFO] - Open Home page success
[07-10-2023 16:17:27.498 INFO] - Open Home page success
[07-10-2023 16:17:29.070 INFO] - Open Login page success
[07-10-2023 16:17:29.071 INFO] - Open Login page success
[07-10-2023 16:17:29.071 INFO] - Open Login page success
[07-10-2023 16:17:30.205 INFO] - Send Key To User name success
[07-10-2023 16:17:30.205 INFO] - Send Key To  User name success
[07-10-2023 16:17:30.206 INFO] - Send Key To  User name success
[07-10-2023 16:17:31.357 INFO] - Send Key To Password success
[07-10-2023 16:17:31.359 INFO] - Send Key To Password success
[07-10-2023 16:17:31.360 INFO] - Send Key To Password success
[07-10-2023 16:17:32.817 INFO] - Click on button Login success
[07-10-2023 16:17:32.818 INFO] - Click on button Login success
[07-10-2023 16:17:32.819 INFO] - Click on button Login success
[07-10-2023 16:18:08.059 INFO] - ---------- TC_Verify_Login_To_Demo_Web_Shop FAILED test ----------
[07-10-2023 16:18:08.961 INFO] - Open Home page success
[07-10-2023 16:18:08.961 INFO] - Open Home page success
[07-10-2023 16:18:08.961 INFO] - Open Home page success
[07-10-2023 16:18:10.561 INFO] - Open Login page success
[07-10-2023 16:18:10.561 INFO] - Open Login page success
[07-10-2023 16:18:10.561 INFO] - Open Login page success
[07-10-2023 16:18:11.682 INFO] - Send Key To User name success
[07-10-2023 16:18:11.682 INFO] - Send Key To  User name success
[07-10-2023 16:18:11.682 INFO] - Send Key To  User name success
[07-10-2023 16:18:12.817 INFO] - Send Key To Password success
[07-10-2023 16:18:12.819 INFO] - Send Key To Password success
[07-10-2023 16:18:12.820 INFO] - Send Key To Password success
[07-10-2023 16:18:14.385 INFO] - Click on button Login success
[07-10-2023 16:18:14.386 INFO] - Click on button Login success
[07-10-2023 16:18:14.386 INFO] - Click on button Login success
