[09-10-2023 22:48:47.394 INFO] - Open browser
[09-10-2023 22:48:51.167 INFO] - Open Home page success
[09-10-2023 22:48:51.167 INFO] - Open Home page success
[09-10-2023 22:48:51.167 INFO] - Open Home page success
[09-10-2023 22:48:53.334 INFO] - Click on product 1 success
[09-10-2023 22:48:53.343 INFO] - Click on product 1 success
[09-10-2023 22:48:53.345 INFO] - Click on product 1 success
[09-10-2023 22:48:59.569 INFO] - Click on product 2 success
[09-10-2023 22:48:59.569 INFO] - Click on product 2 success
[09-10-2023 22:48:59.569 INFO] - Click on product 2 success
[09-10-2023 22:49:05.750 INFO] - Click on product 2 success
[09-10-2023 22:49:05.750 INFO] - Click on product 2 success
[09-10-2023 22:49:05.751 INFO] - Click on product 2 success
[09-10-2023 22:49:09.819 INFO] - Verify increases product 
[09-10-2023 22:49:09.822 INFO] - Verify increases product
[09-10-2023 22:49:09.822 INFO] - Verify increases product
[09-10-2023 22:49:13.091 INFO] - User in cart page
[09-10-2023 22:49:13.092 INFO] - User in cart page
[09-10-2023 22:49:13.092 INFO] - User in cart page
[09-10-2023 22:49:22.268 INFO] - ---------- TC_03_Verify_Remove_Item_Out_Of_Shopping_Cart FAILED test ----------
[09-10-2023 22:49:23.798 INFO] - Close browser
