[09-10-2023 13:15:38.229 INFO] - Open browser
[09-10-2023 13:15:42.685 INFO] - Open Home page success
[09-10-2023 13:15:42.685 INFO] - Open Home page success
[09-10-2023 13:15:42.685 INFO] - Open Home page success
[09-10-2023 13:15:44.230 INFO] - Open Login page success
[09-10-2023 13:15:44.230 INFO] - Open Login page success
[09-10-2023 13:15:44.230 INFO] - Open Login page success
[09-10-2023 13:15:45.291 INFO] - Send Key To User name success
[09-10-2023 13:15:45.291 INFO] - Send Key To  User name success
[09-10-2023 13:15:45.291 INFO] - Send Key To  User name success
[09-10-2023 13:15:46.369 INFO] - Send Key To Password success
[09-10-2023 13:15:46.369 INFO] - Send Key To Password success
[09-10-2023 13:15:46.369 INFO] - Send Key To Password success
[09-10-2023 13:15:47.964 INFO] - Click on button Login success
[09-10-2023 13:15:47.964 INFO] - Click on button Login success
[09-10-2023 13:15:47.964 INFO] - Click on button Login success
[09-10-2023 13:15:47.994 INFO] - ---------- TC_01_Verify_Login_To_Demo_Web_Shop FAILED test ----------
[09-10-2023 13:15:48.775 INFO] - Open Home page success
[09-10-2023 13:15:48.775 INFO] - Open Home page success
[09-10-2023 13:15:48.775 INFO] - Open Home page success
[09-10-2023 13:15:50.281 INFO] - Open Login page success
[09-10-2023 13:15:50.281 INFO] - Open Login page success
[09-10-2023 13:15:50.281 INFO] - Open Login page success
[09-10-2023 13:15:51.351 INFO] - Send Key To User name success
[09-10-2023 13:15:51.351 INFO] - Send Key To  User name success
[09-10-2023 13:15:51.351 INFO] - Send Key To  User name success
[09-10-2023 13:15:52.416 INFO] - Send Key To Password success
[09-10-2023 13:15:52.416 INFO] - Send Key To Password success
[09-10-2023 13:15:52.416 INFO] - Send Key To Password success
[09-10-2023 13:15:54.590 INFO] - Click on button Login success
[09-10-2023 13:15:54.591 INFO] - Click on button Login success
[09-10-2023 13:15:54.591 INFO] - Click on button Login success
[09-10-2023 13:15:54.654 INFO] - ---------- TC_01_Verify_Login_To_Demo_Web_Shop FAILED test ----------
[09-10-2023 13:15:55.461 INFO] - Open Home page success
[09-10-2023 13:15:55.461 INFO] - Open Home page success
[09-10-2023 13:15:55.461 INFO] - Open Home page success
[09-10-2023 13:15:56.954 INFO] - Open Login page success
[09-10-2023 13:15:56.955 INFO] - Open Login page success
[09-10-2023 13:15:56.955 INFO] - Open Login page success
[09-10-2023 13:15:58.015 INFO] - Send Key To User name success
[09-10-2023 13:15:58.015 INFO] - Send Key To  User name success
[09-10-2023 13:15:58.015 INFO] - Send Key To  User name success
[09-10-2023 13:15:59.075 INFO] - Send Key To Password success
[09-10-2023 13:15:59.075 INFO] - Send Key To Password success
[09-10-2023 13:15:59.075 INFO] - Send Key To Password success
[09-10-2023 13:16:00.508 INFO] - Click on button Login success
[09-10-2023 13:16:00.508 INFO] - Click on button Login success
[09-10-2023 13:16:00.509 INFO] - Click on button Login success
[09-10-2023 13:16:00.580 INFO] - ---------- TC_01_Verify_Login_To_Demo_Web_Shop FAILED test ----------
[09-10-2023 13:16:01.322 INFO] - Open Home page success
[09-10-2023 13:16:01.323 INFO] - Open Home page success
[09-10-2023 13:16:01.323 INFO] - Open Home page success
[09-10-2023 13:16:02.844 INFO] - Open Login page success
[09-10-2023 13:16:02.844 INFO] - Open Login page success
[09-10-2023 13:16:02.844 INFO] - Open Login page success
[09-10-2023 13:16:03.912 INFO] - Send Key To User name success
[09-10-2023 13:16:03.912 INFO] - Send Key To  User name success
[09-10-2023 13:16:03.912 INFO] - Send Key To  User name success
[09-10-2023 13:16:04.977 INFO] - Send Key To Password success
[09-10-2023 13:16:04.977 INFO] - Send Key To Password success
[09-10-2023 13:16:04.977 INFO] - Send Key To Password success
[09-10-2023 13:16:06.416 INFO] - Click on button Login success
[09-10-2023 13:16:06.416 INFO] - Click on button Login success
[09-10-2023 13:16:06.416 INFO] - Click on button Login success
[09-10-2023 13:16:06.479 INFO] - ---------- TC_01_Verify_Login_To_Demo_Web_Shop FAILED test ----------
[09-10-2023 13:16:07.315 INFO] - Open Home page success
[09-10-2023 13:16:07.316 INFO] - Open Home page success
[09-10-2023 13:16:07.316 INFO] - Open Home page success
[09-10-2023 13:16:08.816 INFO] - Open Login page success
[09-10-2023 13:16:08.817 INFO] - Open Login page success
[09-10-2023 13:16:08.817 INFO] - Open Login page success
[09-10-2023 13:16:09.868 INFO] - Send Key To User name success
[09-10-2023 13:16:09.868 INFO] - Send Key To  User name success
[09-10-2023 13:16:09.868 INFO] - Send Key To  User name success
[09-10-2023 13:16:10.930 INFO] - Send Key To Password success
[09-10-2023 13:16:10.930 INFO] - Send Key To Password success
[09-10-2023 13:16:10.930 INFO] - Send Key To Password success
[09-10-2023 13:16:11.965 INFO] - Click on button Login success
[09-10-2023 13:16:11.965 INFO] - Click on button Login success
[09-10-2023 13:16:11.965 INFO] - Click on button Login success
[09-10-2023 13:16:11.981 INFO] - ---------- TC_01_Verify_Login_To_Demo_Web_Shop FAILED test ----------
[09-10-2023 13:16:12.670 INFO] - Open Home page success
[09-10-2023 13:16:12.670 INFO] - Open Home page success
[09-10-2023 13:16:12.671 INFO] - Open Home page success
[09-10-2023 13:16:14.171 INFO] - Open Login page success
[09-10-2023 13:16:14.171 INFO] - Open Login page success
[09-10-2023 13:16:14.172 INFO] - Open Login page success
[09-10-2023 13:16:15.224 INFO] - Send Key To User name success
[09-10-2023 13:16:15.224 INFO] - Send Key To  User name success
[09-10-2023 13:16:15.224 INFO] - Send Key To  User name success
[09-10-2023 13:16:16.290 INFO] - Send Key To Password success
[09-10-2023 13:16:16.290 INFO] - Send Key To Password success
[09-10-2023 13:16:16.290 INFO] - Send Key To Password success
[09-10-2023 13:16:19.109 INFO] - Click on button Login success
[09-10-2023 13:16:19.110 INFO] - Click on button Login success
[09-10-2023 13:16:19.110 INFO] - Click on button Login success
[09-10-2023 13:16:19.132 INFO] - ---------- TC_01_Verify_Login_To_Demo_Web_Shop FAILED test ----------
[09-10-2023 13:16:19.935 INFO] - Close browser
