[11-10-2023 17:15:18.803 INFO] - Open browser
[11-10-2023 17:15:22.458 INFO] - Open Home page success
[11-10-2023 17:15:22.459 INFO] - Open Home page success
[11-10-2023 17:15:22.460 INFO] - Open Home page success
[11-10-2023 17:15:24.581 INFO] - Click on product 1 success
[11-10-2023 17:15:24.584 INFO] - Click on product 1 success
[11-10-2023 17:15:24.586 INFO] - Click on product 1 success
[11-10-2023 17:15:30.818 INFO] - Click on product 2 success
[11-10-2023 17:15:30.821 INFO] - Click on product 2 success
[11-10-2023 17:15:30.822 INFO] - Click on product 2 success
[11-10-2023 17:15:37.006 INFO] - Click on product 2 success
[11-10-2023 17:15:37.010 INFO] - Click on product 2 success
[11-10-2023 17:15:37.011 INFO] - Click on product 2 success
[11-10-2023 17:15:41.112 INFO] - Verify increases product 
[11-10-2023 17:15:41.112 INFO] - Verify increases product
[11-10-2023 17:15:41.112 INFO] - Verify increases product
[11-10-2023 17:15:44.798 INFO] - User in cart page
[11-10-2023 17:15:44.799 INFO] - User in cart page
[11-10-2023 17:15:44.799 INFO] - User in cart page
[11-10-2023 17:16:14.878 INFO] - ---------- TC_03_Verify_Remove_Item_Out_Of_Shopping_Cart FAILED test ----------
[11-10-2023 17:16:16.517 INFO] - Close browser
