[09-10-2023 14:25:06.038 INFO] - Open browser
[09-10-2023 14:25:10.995 INFO] - Open Home page success
[09-10-2023 14:25:10.995 INFO] - Open Home page success
[09-10-2023 14:25:10.995 INFO] - Open Home page success
[09-10-2023 14:25:12.583 INFO] - Open Login page success
[09-10-2023 14:25:12.583 INFO] - Open Login page success
[09-10-2023 14:25:12.583 INFO] - Open Login page success
[09-10-2023 14:25:13.646 INFO] - Send Key To User name success
[09-10-2023 14:25:13.646 INFO] - Send Key To  User name success
[09-10-2023 14:25:13.646 INFO] - Send Key To  User name success
[09-10-2023 14:25:14.733 INFO] - Send Key To Password success
[09-10-2023 14:25:14.733 INFO] - Send Key To Password success
[09-10-2023 14:25:14.733 INFO] - Send Key To Password success
[09-10-2023 14:25:16.302 INFO] - Click on button Login success
[09-10-2023 14:25:16.302 INFO] - Click on button Login success
[09-10-2023 14:25:16.302 INFO] - Click on button Login success
[09-10-2023 14:25:16.337 INFO] - ---------- TC_01_Verify_Login_To_Demo_Web_Shop SUCCESS test ----------
[09-10-2023 14:25:17.094 INFO] - Open Home page success
[09-10-2023 14:25:17.094 INFO] - Open Home page success
[09-10-2023 14:25:17.094 INFO] - Open Home page success
[09-10-2023 14:25:18.616 INFO] - Open Login page success
[09-10-2023 14:25:18.616 INFO] - Open Login page success
[09-10-2023 14:25:18.616 INFO] - Open Login page success
[09-10-2023 14:25:19.678 INFO] - Send Key To User name success
[09-10-2023 14:25:19.678 INFO] - Send Key To  User name success
[09-10-2023 14:25:19.678 INFO] - Send Key To  User name success
[09-10-2023 14:25:20.755 INFO] - Send Key To Password success
[09-10-2023 14:25:20.755 INFO] - Send Key To Password success
[09-10-2023 14:25:20.755 INFO] - Send Key To Password success
[09-10-2023 14:25:22.244 INFO] - Click on button Login success
[09-10-2023 14:25:22.244 INFO] - Click on button Login success
[09-10-2023 14:25:22.245 INFO] - Click on button Login success
[09-10-2023 14:25:22.321 INFO] - ---------- TC_01_Verify_Login_To_Demo_Web_Shop SUCCESS test ----------
[09-10-2023 14:25:23.017 INFO] - Open Home page success
[09-10-2023 14:25:23.017 INFO] - Open Home page success
[09-10-2023 14:25:23.017 INFO] - Open Home page success
[09-10-2023 14:25:24.577 INFO] - Open Login page success
[09-10-2023 14:25:24.577 INFO] - Open Login page success
[09-10-2023 14:25:24.577 INFO] - Open Login page success
[09-10-2023 14:25:25.630 INFO] - Send Key To User name success
[09-10-2023 14:25:25.630 INFO] - Send Key To  User name success
[09-10-2023 14:25:25.630 INFO] - Send Key To  User name success
[09-10-2023 14:25:26.706 INFO] - Send Key To Password success
[09-10-2023 14:25:26.706 INFO] - Send Key To Password success
[09-10-2023 14:25:26.706 INFO] - Send Key To Password success
[09-10-2023 14:25:28.361 INFO] - Click on button Login success
[09-10-2023 14:25:28.361 INFO] - Click on button Login success
[09-10-2023 14:25:28.361 INFO] - Click on button Login success
[09-10-2023 14:25:28.377 INFO] - ---------- TC_01_Verify_Login_To_Demo_Web_Shop SUCCESS test ----------
[09-10-2023 14:25:29.115 INFO] - Open Home page success
[09-10-2023 14:25:29.115 INFO] - Open Home page success
[09-10-2023 14:25:29.116 INFO] - Open Home page success
[09-10-2023 14:25:30.635 INFO] - Open Login page success
[09-10-2023 14:25:30.635 INFO] - Open Login page success
[09-10-2023 14:25:30.635 INFO] - Open Login page success
[09-10-2023 14:25:31.703 INFO] - Send Key To User name success
[09-10-2023 14:25:31.704 INFO] - Send Key To  User name success
[09-10-2023 14:25:31.705 INFO] - Send Key To  User name success
[09-10-2023 14:25:32.789 INFO] - Send Key To Password success
[09-10-2023 14:25:32.790 INFO] - Send Key To Password success
[09-10-2023 14:25:32.790 INFO] - Send Key To Password success
[09-10-2023 14:25:34.284 INFO] - Click on button Login success
[09-10-2023 14:25:34.284 INFO] - Click on button Login success
[09-10-2023 14:25:34.284 INFO] - Click on button Login success
[09-10-2023 14:25:34.340 INFO] - ---------- TC_01_Verify_Login_To_Demo_Web_Shop SUCCESS test ----------
[09-10-2023 14:25:35.069 INFO] - Open Home page success
[09-10-2023 14:25:35.069 INFO] - Open Home page success
[09-10-2023 14:25:35.069 INFO] - Open Home page success
[09-10-2023 14:25:36.596 INFO] - Open Login page success
[09-10-2023 14:25:36.596 INFO] - Open Login page success
[09-10-2023 14:25:36.596 INFO] - Open Login page success
[09-10-2023 14:25:37.653 INFO] - Send Key To User name success
[09-10-2023 14:25:37.653 INFO] - Send Key To  User name success
[09-10-2023 14:25:37.653 INFO] - Send Key To  User name success
[09-10-2023 14:25:38.723 INFO] - Send Key To Password success
[09-10-2023 14:25:38.723 INFO] - Send Key To Password success
[09-10-2023 14:25:38.723 INFO] - Send Key To Password success
[09-10-2023 14:25:39.788 INFO] - Click on button Login success
[09-10-2023 14:25:39.788 INFO] - Click on button Login success
[09-10-2023 14:25:39.788 INFO] - Click on button Login success
[09-10-2023 14:25:39.806 INFO] - ---------- TC_01_Verify_Login_To_Demo_Web_Shop SUCCESS test ----------
[09-10-2023 14:25:40.613 INFO] - Open Home page success
[09-10-2023 14:25:40.613 INFO] - Open Home page success
[09-10-2023 14:25:40.613 INFO] - Open Home page success
[09-10-2023 14:25:42.339 INFO] - Open Login page success
[09-10-2023 14:25:42.339 INFO] - Open Login page success
[09-10-2023 14:25:42.339 INFO] - Open Login page success
[09-10-2023 14:25:43.398 INFO] - Send Key To User name success
[09-10-2023 14:25:43.398 INFO] - Send Key To  User name success
[09-10-2023 14:25:43.398 INFO] - Send Key To  User name success
[09-10-2023 14:25:44.496 INFO] - Send Key To Password success
[09-10-2023 14:25:44.496 INFO] - Send Key To Password success
[09-10-2023 14:25:44.496 INFO] - Send Key To Password success
[09-10-2023 14:25:47.347 INFO] - Click on button Login success
[09-10-2023 14:25:47.347 INFO] - Click on button Login success
[09-10-2023 14:25:47.348 INFO] - Click on button Login success
[09-10-2023 14:25:47.375 INFO] - ---------- TC_01_Verify_Login_To_Demo_Web_Shop SUCCESS test ----------
[09-10-2023 14:25:48.219 INFO] - Close browser
