[09-10-2023 13:49:07.032 INFO] - Open browser
[09-10-2023 13:49:11.805 INFO] - Open Home page success
[09-10-2023 13:49:11.805 INFO] - Open Home page success
[09-10-2023 13:49:11.805 INFO] - Open Home page success
[09-10-2023 13:49:13.393 INFO] - Open Login page success
[09-10-2023 13:49:13.393 INFO] - Open Login page success
[09-10-2023 13:49:13.393 INFO] - Open Login page success
[09-10-2023 13:49:14.455 INFO] - Send Key To User name success
[09-10-2023 13:49:14.455 INFO] - Send Key To  User name success
[09-10-2023 13:49:14.455 INFO] - Send Key To  User name success
[09-10-2023 13:49:15.526 INFO] - Send Key To Password success
[09-10-2023 13:49:15.526 INFO] - Send Key To Password success
[09-10-2023 13:49:15.527 INFO] - Send Key To Password success
[09-10-2023 13:49:17.068 INFO] - Click on button Login success
[09-10-2023 13:49:17.068 INFO] - Click on button Login success
[09-10-2023 13:49:17.068 INFO] - Click on button Login success
[09-10-2023 13:49:17.107 INFO] - ---------- TC_01_Verify_Login_To_Demo_Web_Shop SUCCESS test ----------
[09-10-2023 13:49:17.905 INFO] - Open Home page success
[09-10-2023 13:49:17.906 INFO] - Open Home page success
[09-10-2023 13:49:17.906 INFO] - Open Home page success
[09-10-2023 13:49:19.450 INFO] - Open Login page success
[09-10-2023 13:49:19.450 INFO] - Open Login page success
[09-10-2023 13:49:19.451 INFO] - Open Login page success
[09-10-2023 13:49:20.516 INFO] - Send Key To User name success
[09-10-2023 13:49:20.516 INFO] - Send Key To  User name success
[09-10-2023 13:49:20.516 INFO] - Send Key To  User name success
[09-10-2023 13:49:21.584 INFO] - Send Key To Password success
[09-10-2023 13:49:21.584 INFO] - Send Key To Password success
[09-10-2023 13:49:21.584 INFO] - Send Key To Password success
[09-10-2023 13:49:23.659 INFO] - Click on button Login success
[09-10-2023 13:49:23.659 INFO] - Click on button Login success
[09-10-2023 13:49:23.659 INFO] - Click on button Login success
[09-10-2023 13:49:23.682 INFO] - ---------- TC_01_Verify_Login_To_Demo_Web_Shop SUCCESS test ----------
[09-10-2023 13:49:24.419 INFO] - Open Home page success
[09-10-2023 13:49:24.420 INFO] - Open Home page success
[09-10-2023 13:49:24.420 INFO] - Open Home page success
[09-10-2023 13:49:25.990 INFO] - Open Login page success
[09-10-2023 13:49:25.991 INFO] - Open Login page success
[09-10-2023 13:49:25.991 INFO] - Open Login page success
[09-10-2023 13:49:27.050 INFO] - Send Key To User name success
[09-10-2023 13:49:27.050 INFO] - Send Key To  User name success
[09-10-2023 13:49:27.050 INFO] - Send Key To  User name success
[09-10-2023 13:49:28.138 INFO] - Send Key To Password success
[09-10-2023 13:49:28.138 INFO] - Send Key To Password success
[09-10-2023 13:49:28.138 INFO] - Send Key To Password success
[09-10-2023 13:49:29.595 INFO] - Click on button Login success
[09-10-2023 13:49:29.596 INFO] - Click on button Login success
[09-10-2023 13:49:29.596 INFO] - Click on button Login success
[09-10-2023 13:49:29.988 INFO] - ---------- TC_01_Verify_Login_To_Demo_Web_Shop SUCCESS test ----------
[09-10-2023 13:49:30.724 INFO] - Open Home page success
[09-10-2023 13:49:30.725 INFO] - Open Home page success
[09-10-2023 13:49:30.725 INFO] - Open Home page success
[09-10-2023 13:49:33.025 INFO] - Open Login page success
[09-10-2023 13:49:33.025 INFO] - Open Login page success
[09-10-2023 13:49:33.026 INFO] - Open Login page success
[09-10-2023 13:49:34.094 INFO] - Send Key To User name success
[09-10-2023 13:49:34.094 INFO] - Send Key To  User name success
[09-10-2023 13:49:34.094 INFO] - Send Key To  User name success
[09-10-2023 13:49:35.160 INFO] - Send Key To Password success
[09-10-2023 13:49:35.160 INFO] - Send Key To Password success
[09-10-2023 13:49:35.160 INFO] - Send Key To Password success
[09-10-2023 13:49:36.673 INFO] - Click on button Login success
[09-10-2023 13:49:36.673 INFO] - Click on button Login success
[09-10-2023 13:49:36.673 INFO] - Click on button Login success
[09-10-2023 13:49:36.689 INFO] - ---------- TC_01_Verify_Login_To_Demo_Web_Shop SUCCESS test ----------
[09-10-2023 13:49:37.382 INFO] - Open Home page success
[09-10-2023 13:49:37.382 INFO] - Open Home page success
[09-10-2023 13:49:37.382 INFO] - Open Home page success
[09-10-2023 13:49:38.902 INFO] - Open Login page success
[09-10-2023 13:49:38.902 INFO] - Open Login page success
[09-10-2023 13:49:38.903 INFO] - Open Login page success
[09-10-2023 13:49:39.952 INFO] - Send Key To User name success
[09-10-2023 13:49:39.952 INFO] - Send Key To  User name success
[09-10-2023 13:49:39.953 INFO] - Send Key To  User name success
[09-10-2023 13:49:41.020 INFO] - Send Key To Password success
[09-10-2023 13:49:41.020 INFO] - Send Key To Password success
[09-10-2023 13:49:41.020 INFO] - Send Key To Password success
[09-10-2023 13:49:42.060 INFO] - Click on button Login success
[09-10-2023 13:49:42.061 INFO] - Click on button Login success
[09-10-2023 13:49:42.061 INFO] - Click on button Login success
[09-10-2023 13:49:42.079 INFO] - ---------- TC_01_Verify_Login_To_Demo_Web_Shop SUCCESS test ----------
[09-10-2023 13:49:43.285 INFO] - Open Home page success
[09-10-2023 13:49:43.285 INFO] - Open Home page success
[09-10-2023 13:49:43.285 INFO] - Open Home page success
[09-10-2023 13:49:44.812 INFO] - Open Login page success
[09-10-2023 13:49:44.812 INFO] - Open Login page success
[09-10-2023 13:49:44.812 INFO] - Open Login page success
[09-10-2023 13:49:45.906 INFO] - Send Key To User name success
[09-10-2023 13:49:45.906 INFO] - Send Key To  User name success
[09-10-2023 13:49:45.906 INFO] - Send Key To  User name success
[09-10-2023 13:49:46.985 INFO] - Send Key To Password success
[09-10-2023 13:49:46.985 INFO] - Send Key To Password success
[09-10-2023 13:49:46.985 INFO] - Send Key To Password success
[09-10-2023 13:49:49.710 INFO] - Click on button Login success
[09-10-2023 13:49:49.710 INFO] - Click on button Login success
[09-10-2023 13:49:49.711 INFO] - Click on button Login success
[09-10-2023 13:49:49.733 INFO] - ---------- TC_01_Verify_Login_To_Demo_Web_Shop SUCCESS test ----------
[09-10-2023 13:49:50.538 INFO] - Close browser
