[09-10-2023 13:12:22.456 INFO] - Open browser
[09-10-2023 13:12:27.348 INFO] - Open Home page success
[09-10-2023 13:12:27.348 INFO] - Open Home page success
[09-10-2023 13:12:27.348 INFO] - Open Home page success
[09-10-2023 13:12:28.884 INFO] - Open Login page success
[09-10-2023 13:12:28.884 INFO] - Open Login page success
[09-10-2023 13:12:28.884 INFO] - Open Login page success
[09-10-2023 13:12:29.947 INFO] - Send Key To User name success
[09-10-2023 13:12:29.947 INFO] - Send Key To  User name success
[09-10-2023 13:12:29.947 INFO] - Send Key To  User name success
[09-10-2023 13:12:31.016 INFO] - Send Key To Password success
[09-10-2023 13:12:31.018 INFO] - Send Key To Password success
[09-10-2023 13:12:31.019 INFO] - Send Key To Password success
[09-10-2023 13:12:32.545 INFO] - Click on button Login success
[09-10-2023 13:12:32.545 INFO] - Click on button Login success
[09-10-2023 13:12:32.545 INFO] - Click on button Login success
[09-10-2023 13:12:32.636 INFO] - ---------- TC_01_Verify_Login_To_Demo_Web_Shop FAILED test ----------
[09-10-2023 13:12:33.424 INFO] - Open Home page success
[09-10-2023 13:12:33.424 INFO] - Open Home page success
[09-10-2023 13:12:33.425 INFO] - Open Home page success
[09-10-2023 13:12:34.950 INFO] - Open Login page success
[09-10-2023 13:12:34.951 INFO] - Open Login page success
[09-10-2023 13:12:34.951 INFO] - Open Login page success
[09-10-2023 13:12:36.029 INFO] - Send Key To User name success
[09-10-2023 13:12:36.029 INFO] - Send Key To  User name success
[09-10-2023 13:12:36.029 INFO] - Send Key To  User name success
[09-10-2023 13:12:37.090 INFO] - Send Key To Password success
[09-10-2023 13:12:37.091 INFO] - Send Key To Password success
[09-10-2023 13:12:37.091 INFO] - Send Key To Password success
[09-10-2023 13:12:38.588 INFO] - Click on button Login success
[09-10-2023 13:12:38.588 INFO] - Click on button Login success
[09-10-2023 13:12:38.588 INFO] - Click on button Login success
[09-10-2023 13:12:38.606 INFO] - ---------- TC_01_Verify_Login_To_Demo_Web_Shop FAILED test ----------
[09-10-2023 13:12:39.361 INFO] - Open Home page success
[09-10-2023 13:12:39.362 INFO] - Open Home page success
[09-10-2023 13:12:39.362 INFO] - Open Home page success
[09-10-2023 13:12:40.905 INFO] - Open Login page success
[09-10-2023 13:12:40.905 INFO] - Open Login page success
[09-10-2023 13:12:40.905 INFO] - Open Login page success
[09-10-2023 13:12:41.955 INFO] - Send Key To User name success
[09-10-2023 13:12:41.955 INFO] - Send Key To  User name success
[09-10-2023 13:12:41.955 INFO] - Send Key To  User name success
[09-10-2023 13:12:43.011 INFO] - Send Key To Password success
[09-10-2023 13:12:43.011 INFO] - Send Key To Password success
[09-10-2023 13:12:43.012 INFO] - Send Key To Password success
[09-10-2023 13:12:44.469 INFO] - Click on button Login success
[09-10-2023 13:12:44.469 INFO] - Click on button Login success
[09-10-2023 13:12:44.470 INFO] - Click on button Login success
[09-10-2023 13:12:44.540 INFO] - ---------- TC_01_Verify_Login_To_Demo_Web_Shop FAILED test ----------
[09-10-2023 13:12:45.247 INFO] - Open Home page success
[09-10-2023 13:12:45.247 INFO] - Open Home page success
[09-10-2023 13:12:45.248 INFO] - Open Home page success
[09-10-2023 13:12:46.780 INFO] - Open Login page success
[09-10-2023 13:12:46.780 INFO] - Open Login page success
[09-10-2023 13:12:46.780 INFO] - Open Login page success
[09-10-2023 13:12:47.851 INFO] - Send Key To User name success
[09-10-2023 13:12:47.851 INFO] - Send Key To  User name success
[09-10-2023 13:12:47.851 INFO] - Send Key To  User name success
[09-10-2023 13:12:48.915 INFO] - Send Key To Password success
[09-10-2023 13:12:48.915 INFO] - Send Key To Password success
[09-10-2023 13:12:48.915 INFO] - Send Key To Password success
[09-10-2023 13:12:50.420 INFO] - Click on button Login success
[09-10-2023 13:12:50.420 INFO] - Click on button Login success
[09-10-2023 13:12:50.420 INFO] - Click on button Login success
[09-10-2023 13:12:50.430 INFO] - ---------- TC_01_Verify_Login_To_Demo_Web_Shop FAILED test ----------
[09-10-2023 13:12:51.145 INFO] - Open Home page success
[09-10-2023 13:12:51.145 INFO] - Open Home page success
[09-10-2023 13:12:51.145 INFO] - Open Home page success
[09-10-2023 13:12:52.663 INFO] - Open Login page success
[09-10-2023 13:12:52.664 INFO] - Open Login page success
[09-10-2023 13:12:52.664 INFO] - Open Login page success
[09-10-2023 13:12:53.714 INFO] - Send Key To User name success
[09-10-2023 13:12:53.714 INFO] - Send Key To  User name success
[09-10-2023 13:12:53.714 INFO] - Send Key To  User name success
[09-10-2023 13:12:54.779 INFO] - Send Key To Password success
[09-10-2023 13:12:54.779 INFO] - Send Key To Password success
[09-10-2023 13:12:54.779 INFO] - Send Key To Password success
[09-10-2023 13:12:55.823 INFO] - Click on button Login success
[09-10-2023 13:12:55.823 INFO] - Click on button Login success
[09-10-2023 13:12:55.823 INFO] - Click on button Login success
[09-10-2023 13:12:55.840 INFO] - ---------- TC_01_Verify_Login_To_Demo_Web_Shop FAILED test ----------
[09-10-2023 13:12:56.680 INFO] - Open Home page success
[09-10-2023 13:12:56.680 INFO] - Open Home page success
[09-10-2023 13:12:56.680 INFO] - Open Home page success
[09-10-2023 13:12:58.189 INFO] - Open Login page success
[09-10-2023 13:12:58.189 INFO] - Open Login page success
[09-10-2023 13:12:58.189 INFO] - Open Login page success
[09-10-2023 13:12:59.242 INFO] - Send Key To User name success
[09-10-2023 13:12:59.242 INFO] - Send Key To  User name success
[09-10-2023 13:12:59.242 INFO] - Send Key To  User name success
[09-10-2023 13:13:00.307 INFO] - Send Key To Password success
[09-10-2023 13:13:00.307 INFO] - Send Key To Password success
[09-10-2023 13:13:00.307 INFO] - Send Key To Password success
[09-10-2023 13:13:02.624 INFO] - Click on button Login success
[09-10-2023 13:13:02.624 INFO] - Click on button Login success
[09-10-2023 13:13:02.624 INFO] - Click on button Login success
[09-10-2023 13:13:02.650 INFO] - ---------- TC_01_Verify_Login_To_Demo_Web_Shop FAILED test ----------
[09-10-2023 13:13:03.508 INFO] - Close browser
