[11-10-2023 16:54:30.784 INFO] - Open browser
[11-10-2023 16:54:34.831 INFO] - Open Home page success
[11-10-2023 16:54:34.833 INFO] - Open Home page success
[11-10-2023 16:54:34.833 INFO] - Open Home page success
[11-10-2023 16:54:36.947 INFO] - Click on product 1 success
[11-10-2023 16:54:36.950 INFO] - Click on product 1 success
[11-10-2023 16:54:36.951 INFO] - Click on product 1 success
[11-10-2023 16:54:43.151 INFO] - Click on product 2 success
[11-10-2023 16:54:43.151 INFO] - Click on product 2 success
[11-10-2023 16:54:43.151 INFO] - Click on product 2 success
[11-10-2023 16:54:49.311 INFO] - Click on product 2 success
[11-10-2023 16:54:49.311 INFO] - Click on product 2 success
[11-10-2023 16:54:49.312 INFO] - Click on product 2 success
[11-10-2023 16:54:53.369 INFO] - Verify increases product 
[11-10-2023 16:54:53.370 INFO] - Verify increases product
[11-10-2023 16:54:53.370 INFO] - Verify increases product
[11-10-2023 16:54:57.131 INFO] - User in cart page
[11-10-2023 16:54:57.132 INFO] - User in cart page
[11-10-2023 16:54:57.132 INFO] - User in cart page
[11-10-2023 16:55:27.208 INFO] - ---------- TC_03_Verify_Remove_Item_Out_Of_Shopping_Cart FAILED test ----------
[11-10-2023 16:55:28.182 INFO] - Close browser
