[07-10-2023 16:11:47.401 INFO] - Open browser
[07-10-2023 16:11:52.119 INFO] - Open Home page success
[07-10-2023 16:11:52.119 INFO] - Open Home page success
[07-10-2023 16:11:52.120 INFO] - Open Home page success
[07-10-2023 16:11:53.707 INFO] - Open Login page success
[07-10-2023 16:11:53.707 INFO] - Open Login page success
[07-10-2023 16:11:53.707 INFO] - Open Login page success
[07-10-2023 16:11:54.808 INFO] - Send Key To User name success
[07-10-2023 16:11:54.809 INFO] - Send Key To  User name success
[07-10-2023 16:11:54.809 INFO] - Send Key To  User name success
[07-10-2023 16:11:55.930 INFO] - Send Key To Password success
[07-10-2023 16:11:55.932 INFO] - Send Key To Password success
[07-10-2023 16:11:55.934 INFO] - Send Key To Password success
[07-10-2023 16:11:57.476 INFO] - Click on button Login success
[07-10-2023 16:11:57.477 INFO] - Click on button Login success
[07-10-2023 16:11:57.477 INFO] - Click on button Login success
[07-10-2023 16:12:32.709 INFO] - ---------- TC_Verify_Login_To_Demo_Web_Shop FAILED test ----------
[07-10-2023 16:12:33.775 INFO] - Open Home page success
[07-10-2023 16:12:33.776 INFO] - Open Home page success
[07-10-2023 16:12:33.776 INFO] - Open Home page success
[07-10-2023 16:12:35.355 INFO] - Open Login page success
[07-10-2023 16:12:35.357 INFO] - Open Login page success
[07-10-2023 16:12:35.357 INFO] - Open Login page success
[07-10-2023 16:12:36.485 INFO] - Send Key To User name success
[07-10-2023 16:12:36.486 INFO] - Send Key To  User name success
[07-10-2023 16:12:36.488 INFO] - Send Key To  User name success
[07-10-2023 16:12:37.616 INFO] - Send Key To Password success
[07-10-2023 16:12:37.616 INFO] - Send Key To Password success
[07-10-2023 16:12:37.616 INFO] - Send Key To Password success
[07-10-2023 16:12:39.130 INFO] - Click on button Login success
[07-10-2023 16:12:39.131 INFO] - Click on button Login success
[07-10-2023 16:12:39.131 INFO] - Click on button Login success
[07-10-2023 16:13:14.334 INFO] - ---------- TC_Verify_Login_To_Demo_Web_Shop FAILED test ----------
[07-10-2023 16:13:15.217 INFO] - Open Home page success
[07-10-2023 16:13:15.217 INFO] - Open Home page success
[07-10-2023 16:13:15.218 INFO] - Open Home page success
[07-10-2023 16:13:16.774 INFO] - Open Login page success
[07-10-2023 16:13:16.774 INFO] - Open Login page success
[07-10-2023 16:13:16.774 INFO] - Open Login page success
[07-10-2023 16:13:17.888 INFO] - Send Key To User name success
[07-10-2023 16:13:17.888 INFO] - Send Key To  User name success
[07-10-2023 16:13:17.888 INFO] - Send Key To  User name success
[07-10-2023 16:13:19.053 INFO] - Send Key To Password success
[07-10-2023 16:13:19.054 INFO] - Send Key To Password success
[07-10-2023 16:13:19.055 INFO] - Send Key To Password success
[07-10-2023 16:13:20.522 INFO] - Click on button Login success
[07-10-2023 16:13:20.524 INFO] - Click on button Login success
[07-10-2023 16:13:20.525 INFO] - Click on button Login success
[07-10-2023 16:13:55.730 INFO] - ---------- TC_Verify_Login_To_Demo_Web_Shop FAILED test ----------
[07-10-2023 16:13:56.650 INFO] - Open Home page success
[07-10-2023 16:13:56.650 INFO] - Open Home page success
[07-10-2023 16:13:56.651 INFO] - Open Home page success
[07-10-2023 16:13:58.247 INFO] - Open Login page success
[07-10-2023 16:13:58.247 INFO] - Open Login page success
[07-10-2023 16:13:58.247 INFO] - Open Login page success
[07-10-2023 16:13:59.366 INFO] - Send Key To User name success
[07-10-2023 16:13:59.372 INFO] - Send Key To  User name success
[07-10-2023 16:13:59.373 INFO] - Send Key To  User name success
[07-10-2023 16:14:00.560 INFO] - Send Key To Password success
[07-10-2023 16:14:00.561 INFO] - Send Key To Password success
[07-10-2023 16:14:00.561 INFO] - Send Key To Password success
[07-10-2023 16:14:02.064 INFO] - Click on button Login success
[07-10-2023 16:14:02.064 INFO] - Click on button Login success
[07-10-2023 16:14:02.065 INFO] - Click on button Login success
[07-10-2023 16:14:37.401 INFO] - ---------- TC_Verify_Login_To_Demo_Web_Shop FAILED test ----------
[07-10-2023 16:14:38.252 INFO] - Open Home page success
[07-10-2023 16:14:38.252 INFO] - Open Home page success
[07-10-2023 16:14:38.252 INFO] - Open Home page success
[07-10-2023 16:14:39.913 INFO] - Open Login page success
[07-10-2023 16:14:39.914 INFO] - Open Login page success
[07-10-2023 16:14:39.914 INFO] - Open Login page success
[07-10-2023 16:14:41.029 INFO] - Send Key To User name success
[07-10-2023 16:14:41.029 INFO] - Send Key To  User name success
[07-10-2023 16:14:41.029 INFO] - Send Key To  User name success
[07-10-2023 16:14:42.167 INFO] - Send Key To Password success
[07-10-2023 16:14:42.167 INFO] - Send Key To Password success
[07-10-2023 16:14:42.168 INFO] - Send Key To Password success
[07-10-2023 16:14:43.255 INFO] - Click on button Login success
[07-10-2023 16:14:43.256 INFO] - Click on button Login success
[07-10-2023 16:14:43.256 INFO] - Click on button Login success
[07-10-2023 16:14:48.397 INFO] - Verify expected message success
[07-10-2023 16:14:48.397 INFO] - Verify expected message success
[07-10-2023 16:14:48.398 INFO] - Verify expected message success
[07-10-2023 16:14:48.398 INFO] - ---------- TC_Verify_Login_To_Demo_Web_Shop SUCCESS test ----------
[07-10-2023 16:14:49.213 INFO] - Open Home page success
[07-10-2023 16:14:49.213 INFO] - Open Home page success
[07-10-2023 16:14:49.214 INFO] - Open Home page success
[07-10-2023 16:14:50.767 INFO] - Open Login page success
[07-10-2023 16:14:50.767 INFO] - Open Login page success
[07-10-2023 16:14:50.767 INFO] - Open Login page success
[07-10-2023 16:14:51.883 INFO] - Send Key To User name success
[07-10-2023 16:14:51.883 INFO] - Send Key To  User name success
[07-10-2023 16:14:51.883 INFO] - Send Key To  User name success
[07-10-2023 16:14:53.006 INFO] - Send Key To Password success
[07-10-2023 16:14:53.006 INFO] - Send Key To Password success
[07-10-2023 16:14:53.006 INFO] - Send Key To Password success
[07-10-2023 16:14:55.873 INFO] - Click on button Login success
[07-10-2023 16:14:55.873 INFO] - Click on button Login success
[07-10-2023 16:14:55.873 INFO] - Click on button Login success
