[09-10-2023 13:13:47.920 INFO] - Open browser
[09-10-2023 13:13:52.367 INFO] - Open Home page success
[09-10-2023 13:13:52.367 INFO] - Open Home page success
[09-10-2023 13:13:52.367 INFO] - Open Home page success
[09-10-2023 13:13:53.898 INFO] - Open Login page success
[09-10-2023 13:13:53.898 INFO] - Open Login page success
[09-10-2023 13:13:53.898 INFO] - Open Login page success
[09-10-2023 13:13:54.964 INFO] - Send Key To User name success
[09-10-2023 13:13:54.964 INFO] - Send Key To  User name success
[09-10-2023 13:13:54.965 INFO] - Send Key To  User name success
[09-10-2023 13:13:56.039 INFO] - Send Key To Password success
[09-10-2023 13:13:56.039 INFO] - Send Key To Password success
[09-10-2023 13:13:56.039 INFO] - Send Key To Password success
[09-10-2023 13:13:57.532 INFO] - Click on button Login success
[09-10-2023 13:13:57.532 INFO] - Click on button Login success
[09-10-2023 13:13:57.532 INFO] - Click on button Login success
[09-10-2023 13:13:57.601 INFO] - ---------- TC_01_Verify_Login_To_Demo_Web_Shop FAILED test ----------
[09-10-2023 13:13:58.340 INFO] - Open Home page success
[09-10-2023 13:13:58.340 INFO] - Open Home page success
[09-10-2023 13:13:58.340 INFO] - Open Home page success
[09-10-2023 13:13:59.866 INFO] - Open Login page success
[09-10-2023 13:13:59.866 INFO] - Open Login page success
[09-10-2023 13:13:59.866 INFO] - Open Login page success
[09-10-2023 13:14:00.929 INFO] - Send Key To User name success
[09-10-2023 13:14:00.929 INFO] - Send Key To  User name success
[09-10-2023 13:14:00.929 INFO] - Send Key To  User name success
[09-10-2023 13:14:01.989 INFO] - Send Key To Password success
[09-10-2023 13:14:01.989 INFO] - Send Key To Password success
[09-10-2023 13:14:01.989 INFO] - Send Key To Password success
[09-10-2023 13:14:03.416 INFO] - Click on button Login success
[09-10-2023 13:14:03.417 INFO] - Click on button Login success
[09-10-2023 13:14:03.417 INFO] - Click on button Login success
[09-10-2023 13:14:03.485 INFO] - ---------- TC_01_Verify_Login_To_Demo_Web_Shop FAILED test ----------
[09-10-2023 13:14:04.153 INFO] - Open Home page success
[09-10-2023 13:14:04.153 INFO] - Open Home page success
[09-10-2023 13:14:04.153 INFO] - Open Home page success
[09-10-2023 13:14:05.683 INFO] - Open Login page success
[09-10-2023 13:14:05.683 INFO] - Open Login page success
[09-10-2023 13:14:05.684 INFO] - Open Login page success
[09-10-2023 13:14:06.738 INFO] - Send Key To User name success
[09-10-2023 13:14:06.738 INFO] - Send Key To  User name success
[09-10-2023 13:14:06.738 INFO] - Send Key To  User name success
[09-10-2023 13:14:07.809 INFO] - Send Key To Password success
[09-10-2023 13:14:07.809 INFO] - Send Key To Password success
[09-10-2023 13:14:07.809 INFO] - Send Key To Password success
[09-10-2023 13:14:09.316 INFO] - Click on button Login success
[09-10-2023 13:14:09.316 INFO] - Click on button Login success
[09-10-2023 13:14:09.316 INFO] - Click on button Login success
[09-10-2023 13:14:09.327 INFO] - ---------- TC_01_Verify_Login_To_Demo_Web_Shop FAILED test ----------
[09-10-2023 13:14:11.125 INFO] - Open Home page success
[09-10-2023 13:14:11.126 INFO] - Open Home page success
[09-10-2023 13:14:11.126 INFO] - Open Home page success
[09-10-2023 13:14:12.637 INFO] - Open Login page success
[09-10-2023 13:14:12.637 INFO] - Open Login page success
[09-10-2023 13:14:12.638 INFO] - Open Login page success
[09-10-2023 13:14:13.702 INFO] - Send Key To User name success
[09-10-2023 13:14:13.702 INFO] - Send Key To  User name success
[09-10-2023 13:14:13.702 INFO] - Send Key To  User name success
[09-10-2023 13:14:14.766 INFO] - Send Key To Password success
[09-10-2023 13:14:14.766 INFO] - Send Key To Password success
[09-10-2023 13:14:14.766 INFO] - Send Key To Password success
[09-10-2023 13:14:16.263 INFO] - Click on button Login success
[09-10-2023 13:14:16.264 INFO] - Click on button Login success
[09-10-2023 13:14:16.264 INFO] - Click on button Login success
[09-10-2023 13:14:16.274 INFO] - ---------- TC_01_Verify_Login_To_Demo_Web_Shop FAILED test ----------
[09-10-2023 13:14:17.057 INFO] - Open Home page success
[09-10-2023 13:14:17.057 INFO] - Open Home page success
[09-10-2023 13:14:17.057 INFO] - Open Home page success
[09-10-2023 13:14:19.114 INFO] - Open Login page success
[09-10-2023 13:14:19.114 INFO] - Open Login page success
[09-10-2023 13:14:19.114 INFO] - Open Login page success
[09-10-2023 13:14:20.162 INFO] - Send Key To User name success
[09-10-2023 13:14:20.162 INFO] - Send Key To  User name success
[09-10-2023 13:14:20.162 INFO] - Send Key To  User name success
[09-10-2023 13:14:21.232 INFO] - Send Key To Password success
[09-10-2023 13:14:21.232 INFO] - Send Key To Password success
[09-10-2023 13:14:21.232 INFO] - Send Key To Password success
[09-10-2023 13:14:22.274 INFO] - Click on button Login success
[09-10-2023 13:14:22.274 INFO] - Click on button Login success
[09-10-2023 13:14:22.274 INFO] - Click on button Login success
[09-10-2023 13:14:22.293 INFO] - ---------- TC_01_Verify_Login_To_Demo_Web_Shop FAILED test ----------
[09-10-2023 13:14:23.029 INFO] - Open Home page success
[09-10-2023 13:14:23.030 INFO] - Open Home page success
[09-10-2023 13:14:23.030 INFO] - Open Home page success
[09-10-2023 13:14:24.526 INFO] - Open Login page success
[09-10-2023 13:14:24.526 INFO] - Open Login page success
[09-10-2023 13:14:24.527 INFO] - Open Login page success
[09-10-2023 13:14:25.602 INFO] - Send Key To User name success
[09-10-2023 13:14:25.602 INFO] - Send Key To  User name success
[09-10-2023 13:14:25.602 INFO] - Send Key To  User name success
[09-10-2023 13:14:26.666 INFO] - Send Key To Password success
[09-10-2023 13:14:26.666 INFO] - Send Key To Password success
[09-10-2023 13:14:26.666 INFO] - Send Key To Password success
[09-10-2023 13:14:30.069 INFO] - Click on button Login success
[09-10-2023 13:14:30.069 INFO] - Click on button Login success
[09-10-2023 13:14:30.069 INFO] - Click on button Login success
[09-10-2023 13:14:30.099 INFO] - ---------- TC_01_Verify_Login_To_Demo_Web_Shop FAILED test ----------
[09-10-2023 13:14:30.917 INFO] - Close browser
