[09-10-2023 13:27:24.950 INFO] - Open browser
[09-10-2023 13:27:30.594 INFO] - Open Home page success
[09-10-2023 13:27:30.594 INFO] - Open Home page success
[09-10-2023 13:27:30.594 INFO] - Open Home page success
[09-10-2023 13:27:32.218 INFO] - Open Login page success
[09-10-2023 13:27:32.218 INFO] - Open Login page success
[09-10-2023 13:27:32.218 INFO] - Open Login page success
[09-10-2023 13:27:33.301 INFO] - Send Key To User name success
[09-10-2023 13:27:33.301 INFO] - Send Key To  User name success
[09-10-2023 13:27:33.301 INFO] - Send Key To  User name success
[09-10-2023 13:27:34.366 INFO] - Send Key To Password success
[09-10-2023 13:27:34.366 INFO] - Send Key To Password success
[09-10-2023 13:27:34.366 INFO] - Send Key To Password success
[09-10-2023 13:27:35.831 INFO] - Click on button Login success
[09-10-2023 13:27:35.831 INFO] - Click on button Login success
[09-10-2023 13:27:35.831 INFO] - Click on button Login success
[09-10-2023 13:27:35.937 INFO] - ---------- TC_01_Verify_Login_To_Demo_Web_Shop FAILED test ----------
[09-10-2023 13:27:36.992 INFO] - Open Home page success
[09-10-2023 13:27:36.993 INFO] - Open Home page success
[09-10-2023 13:27:36.993 INFO] - Open Home page success
[09-10-2023 13:27:38.503 INFO] - Open Login page success
[09-10-2023 13:27:38.504 INFO] - Open Login page success
[09-10-2023 13:27:38.504 INFO] - Open Login page success
[09-10-2023 13:27:39.572 INFO] - Send Key To User name success
[09-10-2023 13:27:39.572 INFO] - Send Key To  User name success
[09-10-2023 13:27:39.572 INFO] - Send Key To  User name success
[09-10-2023 13:27:40.661 INFO] - Send Key To Password success
[09-10-2023 13:27:40.661 INFO] - Send Key To Password success
[09-10-2023 13:27:40.661 INFO] - Send Key To Password success
[09-10-2023 13:27:42.788 INFO] - Click on button Login success
[09-10-2023 13:27:42.788 INFO] - Click on button Login success
[09-10-2023 13:27:42.788 INFO] - Click on button Login success
[09-10-2023 13:27:42.807 INFO] - ---------- TC_01_Verify_Login_To_Demo_Web_Shop FAILED test ----------
[09-10-2023 13:27:43.638 INFO] - Open Home page success
[09-10-2023 13:27:43.638 INFO] - Open Home page success
[09-10-2023 13:27:43.639 INFO] - Open Home page success
[09-10-2023 13:27:45.154 INFO] - Open Login page success
[09-10-2023 13:27:45.154 INFO] - Open Login page success
[09-10-2023 13:27:45.154 INFO] - Open Login page success
[09-10-2023 13:27:46.199 INFO] - Send Key To User name success
[09-10-2023 13:27:46.199 INFO] - Send Key To  User name success
[09-10-2023 13:27:46.199 INFO] - Send Key To  User name success
[09-10-2023 13:27:47.262 INFO] - Send Key To Password success
[09-10-2023 13:27:47.262 INFO] - Send Key To Password success
[09-10-2023 13:27:47.262 INFO] - Send Key To Password success
[09-10-2023 13:27:48.779 INFO] - Click on button Login success
[09-10-2023 13:27:48.779 INFO] - Click on button Login success
[09-10-2023 13:27:48.779 INFO] - Click on button Login success
[09-10-2023 13:27:48.789 INFO] - ---------- TC_01_Verify_Login_To_Demo_Web_Shop FAILED test ----------
[09-10-2023 13:27:49.531 INFO] - Open Home page success
[09-10-2023 13:27:49.531 INFO] - Open Home page success
[09-10-2023 13:27:49.531 INFO] - Open Home page success
[09-10-2023 13:27:51.055 INFO] - Open Login page success
[09-10-2023 13:27:51.055 INFO] - Open Login page success
[09-10-2023 13:27:51.056 INFO] - Open Login page success
[09-10-2023 13:27:52.120 INFO] - Send Key To User name success
[09-10-2023 13:27:52.120 INFO] - Send Key To  User name success
[09-10-2023 13:27:52.120 INFO] - Send Key To  User name success
[09-10-2023 13:27:53.191 INFO] - Send Key To Password success
[09-10-2023 13:27:53.191 INFO] - Send Key To Password success
[09-10-2023 13:27:53.191 INFO] - Send Key To Password success
[09-10-2023 13:27:54.640 INFO] - Click on button Login success
[09-10-2023 13:27:54.640 INFO] - Click on button Login success
[09-10-2023 13:27:54.640 INFO] - Click on button Login success
[09-10-2023 13:27:54.712 INFO] - ---------- TC_01_Verify_Login_To_Demo_Web_Shop FAILED test ----------
[09-10-2023 13:27:55.451 INFO] - Open Home page success
[09-10-2023 13:27:55.451 INFO] - Open Home page success
[09-10-2023 13:27:55.451 INFO] - Open Home page success
[09-10-2023 13:27:56.988 INFO] - Open Login page success
[09-10-2023 13:27:56.988 INFO] - Open Login page success
[09-10-2023 13:27:56.989 INFO] - Open Login page success
[09-10-2023 13:27:58.049 INFO] - Send Key To User name success
[09-10-2023 13:27:58.049 INFO] - Send Key To  User name success
[09-10-2023 13:27:58.049 INFO] - Send Key To  User name success
[09-10-2023 13:27:59.135 INFO] - Send Key To Password success
[09-10-2023 13:27:59.135 INFO] - Send Key To Password success
[09-10-2023 13:27:59.135 INFO] - Send Key To Password success
[09-10-2023 13:28:00.177 INFO] - Click on button Login success
[09-10-2023 13:28:00.177 INFO] - Click on button Login success
[09-10-2023 13:28:00.177 INFO] - Click on button Login success
[09-10-2023 13:28:00.194 INFO] - ---------- TC_01_Verify_Login_To_Demo_Web_Shop FAILED test ----------
[09-10-2023 13:28:01.465 INFO] - Open Home page success
[09-10-2023 13:28:01.465 INFO] - Open Home page success
[09-10-2023 13:28:01.466 INFO] - Open Home page success
[09-10-2023 13:28:03.025 INFO] - Open Login page success
[09-10-2023 13:28:03.025 INFO] - Open Login page success
[09-10-2023 13:28:03.025 INFO] - Open Login page success
[09-10-2023 13:28:04.095 INFO] - Send Key To User name success
[09-10-2023 13:28:04.095 INFO] - Send Key To  User name success
[09-10-2023 13:28:04.095 INFO] - Send Key To  User name success
[09-10-2023 13:28:05.166 INFO] - Send Key To Password success
[09-10-2023 13:28:05.166 INFO] - Send Key To Password success
[09-10-2023 13:28:05.166 INFO] - Send Key To Password success
[09-10-2023 13:28:08.329 INFO] - Click on button Login success
[09-10-2023 13:28:08.329 INFO] - Click on button Login success
[09-10-2023 13:28:08.329 INFO] - Click on button Login success
[09-10-2023 13:28:08.351 INFO] - ---------- TC_01_Verify_Login_To_Demo_Web_Shop FAILED test ----------
[09-10-2023 13:28:09.204 INFO] - Close browser
